This is pdfTeX, Version 3.14159265-2.6-1.40.17 (MiKTeX 2.9.6100 64-bit) (preloaded format=pdflatex 2016.12.13)  26 SEP 2017 18:47
entering extended mode
**./integration_multiples_tables.tex
(integration_multiples_tables.tex
LaTeX2e <2016/03/31> patch level 3
Babel <3.9r> and hyphenation patterns for 75 language(s) loaded.

("C:\Users\jrgonzalez\AppData\Local\Programs\MiKTeX 2.9\tex\latex\beamer\beamer
.cls"
Document Class: beamer 2017/01/01 v3.37 A class for typesetting presentations

("C:\Users\jrgonzalez\AppData\Local\Programs\MiKTeX 2.9\tex\latex\etoolbox\etoo
lbox.sty"
Package: etoolbox 2017/01/02 v2.4 e-TeX tools for LaTeX (JAW)
\etb@tempcnta=\count79
)
("C:\Users\jrgonzalez\AppData\Local\Programs\MiKTeX 2.9\tex\latex\beamer\beamer
basemodes.sty"
\beamer@tempbox=\box26
\beamer@tempcount=\count80
\c@beamerpauses=\count81

("C:\Users\jrgonzalez\AppData\Local\Programs\MiKTeX 2.9\tex\latex\beamer\beamer
basedecode.sty"
\beamer@slideinframe=\count82
\beamer@minimum=\count83
)
\beamer@commentbox=\box27
\beamer@modecount=\count84
)
("C:\Users\jrgonzalez\AppData\Local\Programs\MiKTeX 2.9\tex\generic\oberdiek\if
pdf.sty"
Package: ifpdf 2016/05/14 v3.1 Provides the ifpdf switch
)
\headheight=\dimen102
\headdp=\dimen103
\footheight=\dimen104
\sidebarheight=\dimen105
\beamer@tempdim=\dimen106
\beamer@finalheight=\dimen107
\beamer@animht=\dimen108
\beamer@animdp=\dimen109
\beamer@animwd=\dimen110
\beamer@leftmargin=\dimen111
\beamer@rightmargin=\dimen112
\beamer@leftsidebar=\dimen113
\beamer@rightsidebar=\dimen114
\beamer@boxsize=\dimen115
\beamer@vboxoffset=\dimen116
\beamer@descdefault=\dimen117
\beamer@descriptionwidth=\dimen118
\beamer@lastskip=\skip41
\beamer@areabox=\box28
\beamer@animcurrent=\box29
\beamer@animshowbox=\box30
\beamer@sectionbox=\box31
\beamer@logobox=\box32
\beamer@linebox=\box33
\beamer@sectioncount=\count85
\beamer@subsubsectionmax=\count86
\beamer@subsectionmax=\count87
\beamer@sectionmax=\count88
\beamer@totalheads=\count89
\beamer@headcounter=\count90
\beamer@partstartpage=\count91
\beamer@sectionstartpage=\count92
\beamer@subsectionstartpage=\count93
\beamer@animationtempa=\count94
\beamer@animationtempb=\count95
\beamer@xpos=\count96
\beamer@ypos=\count97
\beamer@showpartnumber=\count98
\beamer@currentsubsection=\count99
\beamer@coveringdepth=\count100
\beamer@sectionadjust=\count101
\beamer@tocsectionnumber=\count102

("C:\Users\jrgonzalez\AppData\Local\Programs\MiKTeX 2.9\tex\latex\beamer\beamer
baseoptions.sty"
("C:\Users\jrgonzalez\AppData\Local\Programs\MiKTeX 2.9\tex\latex\graphics\keyv
al.sty"
Package: keyval 2014/10/28 v1.15 key=value parser (DPC)
\KV@toks@=\toks14
))
\beamer@paperwidth=\skip42
\beamer@paperheight=\skip43

("C:\Users\jrgonzalez\AppData\Local\Programs\MiKTeX 2.9\tex\latex\geometry\geom
etry.sty"
Package: geometry 2010/09/12 v5.6 Page Geometry

("C:\Users\jrgonzalez\AppData\Local\Programs\MiKTeX 2.9\tex\generic\oberdiek\if
vtex.sty"
Package: ifvtex 2016/05/16 v1.6 Detect VTeX and its facilities (HO)
Package ifvtex Info: VTeX not detected.
)
("C:\Users\jrgonzalez\AppData\Local\Programs\MiKTeX 2.9\tex\generic\ifxetex\ifx
etex.sty"
Package: ifxetex 2010/09/12 v0.6 Provides ifxetex conditional
)
\Gm@cnth=\count103
\Gm@cntv=\count104
\c@Gm@tempcnt=\count105
\Gm@bindingoffset=\dimen119
\Gm@wd@mp=\dimen120
\Gm@odd@mp=\dimen121
\Gm@even@mp=\dimen122
\Gm@layoutwidth=\dimen123
\Gm@layoutheight=\dimen124
\Gm@layouthoffset=\dimen125
\Gm@layoutvoffset=\dimen126
\Gm@dimlist=\toks15

("C:\Users\jrgonzalez\AppData\Local\Programs\MiKTeX 2.9\tex\latex\geometry\geom
etry.cfg"))
("C:\Users\jrgonzalez\AppData\Local\Programs\MiKTeX 2.9\tex\latex\base\size10.c
lo"
File: size10.clo 2014/09/29 v1.4h Standard LaTeX file (size option)
)
("C:\Users\jrgonzalez\AppData\Local\Programs\MiKTeX 2.9\tex\latex\pgf\basiclaye
r\pgfcore.sty"
("C:\Users\jrgonzalez\AppData\Local\Programs\MiKTeX 2.9\tex\latex\graphics\grap
hicx.sty"
Package: graphicx 2014/10/28 v1.0g Enhanced LaTeX Graphics (DPC,SPQR)

("C:\Users\jrgonzalez\AppData\Local\Programs\MiKTeX 2.9\tex\latex\graphics\grap
hics.sty"
Package: graphics 2016/07/10 v1.0t Standard LaTeX Graphics (DPC,SPQR)

("C:\Users\jrgonzalez\AppData\Local\Programs\MiKTeX 2.9\tex\latex\graphics\trig
.sty"
Package: trig 2016/01/03 v1.10 sin cos tan (DPC)
)
("C:\Users\jrgonzalez\AppData\Local\Programs\MiKTeX 2.9\tex\latex\graphics-cfg\
graphics.cfg"
File: graphics.cfg 2016/06/04 v1.11 sample graphics configuration
)
Package graphics Info: Driver file: pdftex.def on input line 99.

("C:\Users\jrgonzalez\AppData\Local\Programs\MiKTeX 2.9\tex\latex\graphics-def\
pdftex.def"
File: pdftex.def 2016/07/10 v0.06j Graphics/color for pdfTeX

("C:\Users\jrgonzalez\AppData\Local\Programs\MiKTeX 2.9\tex\generic\oberdiek\in
fwarerr.sty"
Package: infwarerr 2016/05/16 v1.4 Providing info/warning/error messages (HO)
)
("C:\Users\jrgonzalez\AppData\Local\Programs\MiKTeX 2.9\tex\generic\oberdiek\lt
xcmds.sty"
Package: ltxcmds 2016/05/16 v1.23 LaTeX kernel commands for general use (HO)
)
\Gread@gobject=\count106
))
\Gin@req@height=\dimen127
\Gin@req@width=\dimen128
)
("C:\Users\jrgonzalez\AppData\Local\Programs\MiKTeX 2.9\tex\latex\pgf\systemlay
er\pgfsys.sty"
("C:\Users\jrgonzalez\AppData\Local\Programs\MiKTeX 2.9\tex\latex\pgf\utilities
\pgfrcs.sty"
("C:\Users\jrgonzalez\AppData\Local\Programs\MiKTeX 2.9\tex\generic\pgf\utiliti
es\pgfutil-common.tex"
\pgfutil@everybye=\toks16
\pgfutil@tempdima=\dimen129
\pgfutil@tempdimb=\dimen130

("C:\Users\jrgonzalez\AppData\Local\Programs\MiKTeX 2.9\tex\generic\pgf\utiliti
es\pgfutil-common-lists.tex"))
("C:\Users\jrgonzalez\AppData\Local\Programs\MiKTeX 2.9\tex\generic\pgf\utiliti
es\pgfutil-latex.def"
\pgfutil@abb=\box34

("C:\Users\jrgonzalez\AppData\Local\Programs\MiKTeX 2.9\tex\latex\ms\everyshi.s
ty"
Package: everyshi 2001/05/15 v3.00 EveryShipout Package (MS)
))
("C:\Users\jrgonzalez\AppData\Local\Programs\MiKTeX 2.9\tex\generic\pgf\utiliti
es\pgfrcs.code.tex"
Package: pgfrcs 2015/08/07 v3.0.1a (rcs-revision 1.31)
))
("C:\Users\jrgonzalez\AppData\Local\Programs\MiKTeX 2.9\tex\generic\pgf\systeml
ayer\pgfsys.code.tex"
Package: pgfsys 2014/07/09 v3.0.1a (rcs-revision 1.48)

("C:\Users\jrgonzalez\AppData\Local\Programs\MiKTeX 2.9\tex\generic\pgf\utiliti
es\pgfkeys.code.tex"
\pgfkeys@pathtoks=\toks17
\pgfkeys@temptoks=\toks18

("C:\Users\jrgonzalez\AppData\Local\Programs\MiKTeX 2.9\tex\generic\pgf\utiliti
es\pgfkeysfiltered.code.tex"
\pgfkeys@tmptoks=\toks19
))
\pgf@x=\dimen131
\pgf@y=\dimen132
\pgf@xa=\dimen133
\pgf@ya=\dimen134
\pgf@xb=\dimen135
\pgf@yb=\dimen136
\pgf@xc=\dimen137
\pgf@yc=\dimen138
\w@pgf@writea=\write3
\r@pgf@reada=\read1
\c@pgf@counta=\count107
\c@pgf@countb=\count108
\c@pgf@countc=\count109
\c@pgf@countd=\count110
\t@pgf@toka=\toks20
\t@pgf@tokb=\toks21
\t@pgf@tokc=\toks22

("C:\Users\jrgonzalez\AppData\Local\Programs\MiKTeX 2.9\tex\generic\pgf\systeml
ayer\pgf.cfg"
File: pgf.cfg 2008/05/14  (rcs-revision 1.7)
)
Driver file for pgf: pgfsys-pdftex.def

("C:\Users\jrgonzalez\AppData\Local\Programs\MiKTeX 2.9\tex\generic\pgf\systeml
ayer\pgfsys-pdftex.def"
File: pgfsys-pdftex.def 2014/10/11  (rcs-revision 1.35)

("C:\Users\jrgonzalez\AppData\Local\Programs\MiKTeX 2.9\tex\generic\pgf\systeml
ayer\pgfsys-common-pdf.def"
File: pgfsys-common-pdf.def 2013/10/10  (rcs-revision 1.13)
)))
("C:\Users\jrgonzalez\AppData\Local\Programs\MiKTeX 2.9\tex\generic\pgf\systeml
ayer\pgfsyssoftpath.code.tex"
File: pgfsyssoftpath.code.tex 2013/09/09  (rcs-revision 1.9)
\pgfsyssoftpath@smallbuffer@items=\count111
\pgfsyssoftpath@bigbuffer@items=\count112
)
("C:\Users\jrgonzalez\AppData\Local\Programs\MiKTeX 2.9\tex\generic\pgf\systeml
ayer\pgfsysprotocol.code.tex"
File: pgfsysprotocol.code.tex 2006/10/16  (rcs-revision 1.4)
))
("C:\Users\jrgonzalez\AppData\Local\Programs\MiKTeX 2.9\tex\latex\xcolor\xcolor
.sty"
Package: xcolor 2016/05/11 v2.12 LaTeX color extensions (UK)

("C:\Users\jrgonzalez\AppData\Local\Programs\MiKTeX 2.9\tex\latex\graphics-cfg\
color.cfg"
File: color.cfg 2016/01/02 v1.6 sample color configuration
)
Package xcolor Info: Driver file: pdftex.def on input line 225.
Package xcolor Info: Model `cmy' substituted by `cmy0' on input line 1348.
Package xcolor Info: Model `hsb' substituted by `rgb' on input line 1352.
Package xcolor Info: Model `RGB' extended on input line 1364.
Package xcolor Info: Model `HTML' substituted by `rgb' on input line 1366.
Package xcolor Info: Model `Hsb' substituted by `hsb' on input line 1367.
Package xcolor Info: Model `tHsb' substituted by `hsb' on input line 1368.
Package xcolor Info: Model `HSB' substituted by `hsb' on input line 1369.
Package xcolor Info: Model `Gray' substituted by `gray' on input line 1370.
Package xcolor Info: Model `wave' substituted by `hsb' on input line 1371.

("C:\Users\jrgonzalez\AppData\Local\Programs\MiKTeX 2.9\tex\latex\graphics\dvip
snam.def"
File: dvipsnam.def 2016/06/17 v3.0m Driver-dependent file (DPC,SPQR)
))
("C:\Users\jrgonzalez\AppData\Local\Programs\MiKTeX 2.9\tex\generic\pgf\basicla
yer\pgfcore.code.tex"
Package: pgfcore 2010/04/11 v3.0.1a (rcs-revision 1.7)

("C:\Users\jrgonzalez\AppData\Local\Programs\MiKTeX 2.9\tex\generic\pgf\math\pg
fmath.code.tex"
("C:\Users\jrgonzalez\AppData\Local\Programs\MiKTeX 2.9\tex\generic\pgf\math\pg
fmathcalc.code.tex"
("C:\Users\jrgonzalez\AppData\Local\Programs\MiKTeX 2.9\tex\generic\pgf\math\pg
fmathutil.code.tex")
("C:\Users\jrgonzalez\AppData\Local\Programs\MiKTeX 2.9\tex\generic\pgf\math\pg
fmathparser.code.tex"
\pgfmath@dimen=\dimen139
\pgfmath@count=\count113
\pgfmath@box=\box35
\pgfmath@toks=\toks23
\pgfmath@stack@operand=\toks24
\pgfmath@stack@operation=\toks25
)
("C:\Users\jrgonzalez\AppData\Local\Programs\MiKTeX 2.9\tex\generic\pgf\math\pg
fmathfunctions.code.tex"
("C:\Users\jrgonzalez\AppData\Local\Programs\MiKTeX 2.9\tex\generic\pgf\math\pg
fmathfunctions.basic.code.tex")
("C:\Users\jrgonzalez\AppData\Local\Programs\MiKTeX 2.9\tex\generic\pgf\math\pg
fmathfunctions.trigonometric.code.tex")
("C:\Users\jrgonzalez\AppData\Local\Programs\MiKTeX 2.9\tex\generic\pgf\math\pg
fmathfunctions.random.code.tex")
("C:\Users\jrgonzalez\AppData\Local\Programs\MiKTeX 2.9\tex\generic\pgf\math\pg
fmathfunctions.comparison.code.tex")
("C:\Users\jrgonzalez\AppData\Local\Programs\MiKTeX 2.9\tex\generic\pgf\math\pg
fmathfunctions.base.code.tex")
("C:\Users\jrgonzalez\AppData\Local\Programs\MiKTeX 2.9\tex\generic\pgf\math\pg
fmathfunctions.round.code.tex")
("C:\Users\jrgonzalez\AppData\Local\Programs\MiKTeX 2.9\tex\generic\pgf\math\pg
fmathfunctions.misc.code.tex")
("C:\Users\jrgonzalez\AppData\Local\Programs\MiKTeX 2.9\tex\generic\pgf\math\pg
fmathfunctions.integerarithmetics.code.tex")))
("C:\Users\jrgonzalez\AppData\Local\Programs\MiKTeX 2.9\tex\generic\pgf\math\pg
fmathfloat.code.tex"
\c@pgfmathroundto@lastzeros=\count114
))
("C:\Users\jrgonzalez\AppData\Local\Programs\MiKTeX 2.9\tex\generic\pgf\basicla
yer\pgfcorepoints.code.tex"
File: pgfcorepoints.code.tex 2013/10/07  (rcs-revision 1.27)
\pgf@picminx=\dimen140
\pgf@picmaxx=\dimen141
\pgf@picminy=\dimen142
\pgf@picmaxy=\dimen143
\pgf@pathminx=\dimen144
\pgf@pathmaxx=\dimen145
\pgf@pathminy=\dimen146
\pgf@pathmaxy=\dimen147
\pgf@xx=\dimen148
\pgf@xy=\dimen149
\pgf@yx=\dimen150
\pgf@yy=\dimen151
\pgf@zx=\dimen152
\pgf@zy=\dimen153
)
("C:\Users\jrgonzalez\AppData\Local\Programs\MiKTeX 2.9\tex\generic\pgf\basicla
yer\pgfcorepathconstruct.code.tex"
File: pgfcorepathconstruct.code.tex 2013/10/07  (rcs-revision 1.29)
\pgf@path@lastx=\dimen154
\pgf@path@lasty=\dimen155
)
("C:\Users\jrgonzalez\AppData\Local\Programs\MiKTeX 2.9\tex\generic\pgf\basicla
yer\pgfcorepathusage.code.tex"
File: pgfcorepathusage.code.tex 2014/11/02  (rcs-revision 1.24)
\pgf@shorten@end@additional=\dimen156
\pgf@shorten@start@additional=\dimen157
)
("C:\Users\jrgonzalez\AppData\Local\Programs\MiKTeX 2.9\tex\generic\pgf\basicla
yer\pgfcorescopes.code.tex"
File: pgfcorescopes.code.tex 2015/05/08  (rcs-revision 1.46)
\pgfpic=\box36
\pgf@hbox=\box37
\pgf@layerbox@main=\box38
\pgf@picture@serial@count=\count115
)
("C:\Users\jrgonzalez\AppData\Local\Programs\MiKTeX 2.9\tex\generic\pgf\basicla
yer\pgfcoregraphicstate.code.tex"
File: pgfcoregraphicstate.code.tex 2014/11/02  (rcs-revision 1.12)
\pgflinewidth=\dimen158
)
("C:\Users\jrgonzalez\AppData\Local\Programs\MiKTeX 2.9\tex\generic\pgf\basicla
yer\pgfcoretransformations.code.tex"
File: pgfcoretransformations.code.tex 2015/08/07  (rcs-revision 1.20)
\pgf@pt@x=\dimen159
\pgf@pt@y=\dimen160
\pgf@pt@temp=\dimen161
)
("C:\Users\jrgonzalez\AppData\Local\Programs\MiKTeX 2.9\tex\generic\pgf\basicla
yer\pgfcorequick.code.tex"
File: pgfcorequick.code.tex 2008/10/09  (rcs-revision 1.3)
)
("C:\Users\jrgonzalez\AppData\Local\Programs\MiKTeX 2.9\tex\generic\pgf\basicla
yer\pgfcoreobjects.code.tex"
File: pgfcoreobjects.code.tex 2006/10/11  (rcs-revision 1.2)
)
("C:\Users\jrgonzalez\AppData\Local\Programs\MiKTeX 2.9\tex\generic\pgf\basicla
yer\pgfcorepathprocessing.code.tex"
File: pgfcorepathprocessing.code.tex 2013/09/09  (rcs-revision 1.9)
)
("C:\Users\jrgonzalez\AppData\Local\Programs\MiKTeX 2.9\tex\generic\pgf\basicla
yer\pgfcorearrows.code.tex"
File: pgfcorearrows.code.tex 2015/05/14  (rcs-revision 1.43)
\pgfarrowsep=\dimen162
)
("C:\Users\jrgonzalez\AppData\Local\Programs\MiKTeX 2.9\tex\generic\pgf\basicla
yer\pgfcoreshade.code.tex"
File: pgfcoreshade.code.tex 2013/07/15  (rcs-revision 1.15)
\pgf@max=\dimen163
\pgf@sys@shading@range@num=\count116
)
("C:\Users\jrgonzalez\AppData\Local\Programs\MiKTeX 2.9\tex\generic\pgf\basicla
yer\pgfcoreimage.code.tex"
File: pgfcoreimage.code.tex 2013/07/15  (rcs-revision 1.18)

("C:\Users\jrgonzalez\AppData\Local\Programs\MiKTeX 2.9\tex\generic\pgf\basicla
yer\pgfcoreexternal.code.tex"
File: pgfcoreexternal.code.tex 2014/07/09  (rcs-revision 1.21)
\pgfexternal@startupbox=\box39
))
("C:\Users\jrgonzalez\AppData\Local\Programs\MiKTeX 2.9\tex\generic\pgf\basicla
yer\pgfcorelayers.code.tex"
File: pgfcorelayers.code.tex 2013/07/18  (rcs-revision 1.7)
)
("C:\Users\jrgonzalez\AppData\Local\Programs\MiKTeX 2.9\tex\generic\pgf\basicla
yer\pgfcoretransparency.code.tex"
File: pgfcoretransparency.code.tex 2013/09/30  (rcs-revision 1.5)
)
("C:\Users\jrgonzalez\AppData\Local\Programs\MiKTeX 2.9\tex\generic\pgf\basicla
yer\pgfcorepatterns.code.tex"
File: pgfcorepatterns.code.tex 2013/11/07  (rcs-revision 1.5)
)))
("C:\Users\jrgonzalez\AppData\Local\Programs\MiKTeX 2.9\tex\latex\pgf\utilities
\xxcolor.sty"
Package: xxcolor 2003/10/24 ver 0.1
\XC@nummixins=\count117
\XC@countmixins=\count118
)
("C:\Users\jrgonzalez\AppData\Local\Programs\MiKTeX 2.9\tex\generic\oberdiek\at
begshi.sty"
Package: atbegshi 2016/06/09 v1.18 At begin shipout hook (HO)
)
("C:\Users\jrgonzalez\AppData\Local\Programs\MiKTeX 2.9\tex\latex\hyperref\hype
rref.sty"
Package: hyperref 2016/06/24 v6.83q Hypertext links for LaTeX

("C:\Users\jrgonzalez\AppData\Local\Programs\MiKTeX 2.9\tex\generic\oberdiek\ho
bsub-hyperref.sty"
Package: hobsub-hyperref 2016/05/16 v1.14 Bundle oberdiek, subset hyperref (HO)


("C:\Users\jrgonzalez\AppData\Local\Programs\MiKTeX 2.9\tex\generic\oberdiek\ho
bsub-generic.sty"
Package: hobsub-generic 2016/05/16 v1.14 Bundle oberdiek, subset generic (HO)
Package: hobsub 2016/05/16 v1.14 Construct package bundles (HO)
Package hobsub Info: Skipping package `infwarerr' (already loaded).
Package hobsub Info: Skipping package `ltxcmds' (already loaded).
Package: ifluatex 2016/05/16 v1.4 Provides the ifluatex switch (HO)
Package ifluatex Info: LuaTeX not detected.
Package hobsub Info: Skipping package `ifvtex' (already loaded).
Package: intcalc 2016/05/16 v1.2 Expandable calculations with integers (HO)
Package hobsub Info: Skipping package `ifpdf' (already loaded).
Package: etexcmds 2016/05/16 v1.6 Avoid name clashes with e-TeX commands (HO)
Package etexcmds Info: Could not find \expanded.
(etexcmds)             That can mean that you are not using pdfTeX 1.50 or
(etexcmds)             that some package has redefined \expanded.
(etexcmds)             In the latter case, load this package earlier.
Package: kvsetkeys 2016/05/16 v1.17 Key value parser (HO)
Package: kvdefinekeys 2016/05/16 v1.4 Define keys (HO)
Package: pdftexcmds 2016/05/21 v0.22 Utility functions of pdfTeX for LuaTeX (HO
)
Package pdftexcmds Info: LuaTeX not detected.
Package pdftexcmds Info: \pdf@primitive is available.
Package pdftexcmds Info: \pdf@ifprimitive is available.
Package pdftexcmds Info: \pdfdraftmode found.
Package: pdfescape 2016/05/16 v1.14 Implements pdfTeX's escape features (HO)
Package: bigintcalc 2016/05/16 v1.4 Expandable calculations on big integers (HO
)
Package: bitset 2016/05/16 v1.2 Handle bit-vector datatype (HO)
Package: uniquecounter 2016/05/16 v1.3 Provide unlimited unique counter (HO)
)
Package hobsub Info: Skipping package `hobsub' (already loaded).
Package: letltxmacro 2016/05/16 v1.5 Let assignment for LaTeX macros (HO)
Package: hopatch 2016/05/16 v1.3 Wrapper for package hooks (HO)
Package: xcolor-patch 2016/05/16 xcolor patch
Package: atveryend 2016/05/16 v1.9 Hooks at the very end of document (HO)
Package hobsub Info: Skipping package `atbegshi' (already loaded).
Package: refcount 2016/05/16 v3.5 Data extraction from label references (HO)
Package: hycolor 2016/05/16 v1.8 Color options for hyperref/bookmark (HO)
)
("C:\Users\jrgonzalez\AppData\Local\Programs\MiKTeX 2.9\tex\latex\oberdiek\auxh
ook.sty"
Package: auxhook 2016/05/16 v1.4 Hooks for auxiliary files (HO)
)
("C:\Users\jrgonzalez\AppData\Local\Programs\MiKTeX 2.9\tex\latex\oberdiek\kvop
tions.sty"
Package: kvoptions 2016/05/16 v3.12 Key value format for package options (HO)
)
\@linkdim=\dimen164
\Hy@linkcounter=\count119
\Hy@pagecounter=\count120

("C:\Users\jrgonzalez\AppData\Local\Programs\MiKTeX 2.9\tex\latex\hyperref\pd1e
nc.def"
File: pd1enc.def 2016/06/24 v6.83q Hyperref: PDFDocEncoding definition (HO)
)
\Hy@SavedSpaceFactor=\count121

("C:\Users\jrgonzalez\AppData\Local\Programs\MiKTeX 2.9\tex\latex\00miktex\hype
rref.cfg"
File: hyperref.cfg 2002/06/06 v1.2 hyperref configuration of TeXLive
)
Package hyperref Info: Option `bookmarks' set `true' on input line 4362.
Package hyperref Info: Option `bookmarksopen' set `true' on input line 4362.
Package hyperref Info: Option `implicit' set `false' on input line 4362.
Package hyperref Info: Hyper figures OFF on input line 4486.
Package hyperref Info: Link nesting OFF on input line 4491.
Package hyperref Info: Hyper index ON on input line 4494.
Package hyperref Info: Plain pages OFF on input line 4501.
Package hyperref Info: Backreferencing OFF on input line 4506.
Package hyperref Info: Implicit mode OFF; no redefinition of LaTeX internals.
Package hyperref Info: Bookmarks ON on input line 4735.
\c@Hy@tempcnt=\count122

("C:\Users\jrgonzalez\AppData\Local\Programs\MiKTeX 2.9\tex\latex\url\url.sty"
\Urlmuskip=\muskip10
Package: url 2013/09/16  ver 3.4  Verb mode for urls, etc.
)
LaTeX Info: Redefining \url on input line 5088.
\XeTeXLinkMargin=\dimen165
\Fld@menulength=\count123
\Field@Width=\dimen166
\Fld@charsize=\dimen167
Package hyperref Info: Hyper figures OFF on input line 6342.
Package hyperref Info: Link nesting OFF on input line 6347.
Package hyperref Info: Hyper index ON on input line 6350.
Package hyperref Info: backreferencing OFF on input line 6357.
Package hyperref Info: Link coloring OFF on input line 6362.
Package hyperref Info: Link coloring with OCG OFF on input line 6367.
Package hyperref Info: PDF/A mode OFF on input line 6372.
LaTeX Info: Redefining \ref on input line 6412.
LaTeX Info: Redefining \pageref on input line 6416.
\Hy@abspage=\count124

Package hyperref Message: Stopped early.

)

Package hyperref Message: Driver (autodetected): hpdftex.


("C:\Users\jrgonzalez\AppData\Local\Programs\MiKTeX 2.9\tex\latex\hyperref\hpdf
tex.def"
File: hpdftex.def 2016/06/24 v6.83q Hyperref driver for pdfTeX
\Fld@listcount=\count125
\c@bookmark@seq@number=\count126

("C:\Users\jrgonzalez\AppData\Local\Programs\MiKTeX 2.9\tex\latex\oberdiek\reru
nfilecheck.sty"
Package: rerunfilecheck 2016/05/16 v1.8 Rerun checks for auxiliary files (HO)
Package uniquecounter Info: New unique counter `rerunfilecheck' on input line 2
82.
))
("C:\Users\jrgonzalez\AppData\Local\Programs\MiKTeX 2.9\tex\latex\beamer\beamer
baserequires.sty"
("C:\Users\jrgonzalez\AppData\Local\Programs\MiKTeX 2.9\tex\latex\beamer\beamer
basecompatibility.sty")
("C:\Users\jrgonzalez\AppData\Local\Programs\MiKTeX 2.9\tex\latex\beamer\beamer
basefont.sty"
("C:\Users\jrgonzalez\AppData\Local\Programs\MiKTeX 2.9\tex\latex\amsfonts\amss
ymb.sty"
Package: amssymb 2013/01/14 v3.01 AMS font symbols

("C:\Users\jrgonzalez\AppData\Local\Programs\MiKTeX 2.9\tex\latex\amsfonts\amsf
onts.sty"
Package: amsfonts 2013/01/14 v3.01 Basic AMSFonts support
\@emptytoks=\toks26
\symAMSa=\mathgroup4
\symAMSb=\mathgroup5
LaTeX Font Info:    Overwriting math alphabet `\mathfrak' in version `bold'
(Font)                  U/euf/m/n --> U/euf/b/n on input line 106.
))
("C:\Users\jrgonzalez\AppData\Local\Programs\MiKTeX 2.9\tex\latex\sansmathaccen
t\sansmathaccent.sty"
Package: sansmathaccent 2013/03/28

("C:\Users\jrgonzalez\AppData\Local\Programs\MiKTeX 2.9\tex\latex\filehook\file
hook.sty"
Package: filehook 2011/10/12 v0.5d Hooks for input files
)))
("C:\Users\jrgonzalez\AppData\Local\Programs\MiKTeX 2.9\tex\latex\beamer\beamer
basetranslator.sty"
("C:\Users\jrgonzalez\AppData\Local\Programs\MiKTeX 2.9\tex\latex\beamer\transl
ator\translator.sty"
Package: translator 2010/06/12 ver 1.10

("C:\Users\jrgonzalez\AppData\Local\Programs\MiKTeX 2.9\tex\latex\beamer\transl
ator\translator-language-mappings.tex")))
("C:\Users\jrgonzalez\AppData\Local\Programs\MiKTeX 2.9\tex\latex\beamer\beamer
basemisc.sty")
("C:\Users\jrgonzalez\AppData\Local\Programs\MiKTeX 2.9\tex\latex\beamer\beamer
basetwoscreens.sty")
("C:\Users\jrgonzalez\AppData\Local\Programs\MiKTeX 2.9\tex\latex\beamer\beamer
baseoverlay.sty"
\beamer@argscount=\count127
\beamer@lastskipcover=\skip44
\beamer@trivlistdepth=\count128
)
("C:\Users\jrgonzalez\AppData\Local\Programs\MiKTeX 2.9\tex\latex\beamer\beamer
basetitle.sty")
("C:\Users\jrgonzalez\AppData\Local\Programs\MiKTeX 2.9\tex\latex\beamer\beamer
basesection.sty"
\c@lecture=\count129
\c@part=\count130
\c@section=\count131
\c@subsection=\count132
\c@subsubsection=\count133
)
("C:\Users\jrgonzalez\AppData\Local\Programs\MiKTeX 2.9\tex\latex\beamer\beamer
baseframe.sty"
\beamer@framebox=\box40
\beamer@frametitlebox=\box41
\beamer@zoombox=\box42
\beamer@zoomcount=\count134
\beamer@zoomframecount=\count135
\beamer@frametextheight=\dimen168
\c@subsectionslide=\count136
\beamer@frametopskip=\skip45
\beamer@framebottomskip=\skip46
\beamer@frametopskipautobreak=\skip47
\beamer@framebottomskipautobreak=\skip48
\beamer@envbody=\toks27
\framewidth=\dimen169
\c@framenumber=\count137
)
("C:\Users\jrgonzalez\AppData\Local\Programs\MiKTeX 2.9\tex\latex\beamer\beamer
baseverbatim.sty"
\beamer@verbatimfileout=\write4
)
("C:\Users\jrgonzalez\AppData\Local\Programs\MiKTeX 2.9\tex\latex\beamer\beamer
baseframesize.sty"
\beamer@splitbox=\box43
\beamer@autobreakcount=\count138
\beamer@autobreaklastheight=\dimen170
\beamer@frametitletoks=\toks28
\beamer@framesubtitletoks=\toks29
)
("C:\Users\jrgonzalez\AppData\Local\Programs\MiKTeX 2.9\tex\latex\beamer\beamer
baseframecomponents.sty"
\beamer@footins=\box44
)
("C:\Users\jrgonzalez\AppData\Local\Programs\MiKTeX 2.9\tex\latex\beamer\beamer
basecolor.sty")
("C:\Users\jrgonzalez\AppData\Local\Programs\MiKTeX 2.9\tex\latex\beamer\beamer
basenotes.sty"
\beamer@frameboxcopy=\box45
)
("C:\Users\jrgonzalez\AppData\Local\Programs\MiKTeX 2.9\tex\latex\beamer\beamer
basetoc.sty")
("C:\Users\jrgonzalez\AppData\Local\Programs\MiKTeX 2.9\tex\latex\beamer\beamer
basetemplates.sty"
\beamer@sbttoks=\toks30

("C:\Users\jrgonzalez\AppData\Local\Programs\MiKTeX 2.9\tex\latex\beamer\beamer
baseauxtemplates.sty"
("C:\Users\jrgonzalez\AppData\Local\Programs\MiKTeX 2.9\tex\latex\beamer\beamer
baseboxes.sty"
\bmb@box=\box46
\bmb@colorbox=\box47
\bmb@boxshadow=\box48
\bmb@boxshadowball=\box49
\bmb@boxshadowballlarge=\box50
\bmb@temp=\dimen171
\bmb@dima=\dimen172
\bmb@dimb=\dimen173
\bmb@prevheight=\dimen174
)
\beamer@blockheadheight=\dimen175
))
("C:\Users\jrgonzalez\AppData\Local\Programs\MiKTeX 2.9\tex\latex\beamer\beamer
baselocalstructure.sty"
("C:\Users\jrgonzalez\AppData\Local\Programs\MiKTeX 2.9\tex\latex\tools\enumera
te.sty"
Package: enumerate 2015/07/23 v3.00 enumerate extensions (DPC)
\@enLab=\toks31
)
\c@figure=\count139
\c@table=\count140
\abovecaptionskip=\skip49
\belowcaptionskip=\skip50
)
("C:\Users\jrgonzalez\AppData\Local\Programs\MiKTeX 2.9\tex\latex\beamer\beamer
basenavigation.sty"
\beamer@section@min@dim=\dimen176
)
("C:\Users\jrgonzalez\AppData\Local\Programs\MiKTeX 2.9\tex\latex\beamer\beamer
basetheorems.sty"
("C:\Users\jrgonzalez\AppData\Local\Programs\MiKTeX 2.9\tex\latex\amsmath\amsma
th.sty"
Package: amsmath 2016/06/28 v2.15d AMS math features
\@mathmargin=\skip51

For additional information on amsmath, use the `?' option.

("C:\Users\jrgonzalez\AppData\Local\Programs\MiKTeX 2.9\tex\latex\amsmath\amste
xt.sty"
Package: amstext 2000/06/29 v2.01 AMS text

("C:\Users\jrgonzalez\AppData\Local\Programs\MiKTeX 2.9\tex\latex\amsmath\amsge
n.sty"
File: amsgen.sty 1999/11/30 v2.0 generic functions
\@emptytoks=\toks32
\ex@=\dimen177
))
("C:\Users\jrgonzalez\AppData\Local\Programs\MiKTeX 2.9\tex\latex\amsmath\amsbs
y.sty"
Package: amsbsy 1999/11/29 v1.2d Bold Symbols
\pmbraise@=\dimen178
)
("C:\Users\jrgonzalez\AppData\Local\Programs\MiKTeX 2.9\tex\latex\amsmath\amsop
n.sty"
Package: amsopn 2016/03/08 v2.02 operator names
)
\inf@bad=\count141
LaTeX Info: Redefining \frac on input line 199.
\uproot@=\count142
\leftroot@=\count143
LaTeX Info: Redefining \overline on input line 297.
\classnum@=\count144
\DOTSCASE@=\count145
LaTeX Info: Redefining \ldots on input line 394.
LaTeX Info: Redefining \dots on input line 397.
LaTeX Info: Redefining \cdots on input line 518.
\Mathstrutbox@=\box51
\strutbox@=\box52
\big@size=\dimen179
LaTeX Font Info:    Redeclaring font encoding OML on input line 634.
LaTeX Font Info:    Redeclaring font encoding OMS on input line 635.
\macc@depth=\count146
\c@MaxMatrixCols=\count147
\dotsspace@=\muskip11
\c@parentequation=\count148
\dspbrk@lvl=\count149
\tag@help=\toks33
\row@=\count150
\column@=\count151
\maxfields@=\count152
\andhelp@=\toks34
\eqnshift@=\dimen180
\alignsep@=\dimen181
\tagshift@=\dimen182
\tagwidth@=\dimen183
\totwidth@=\dimen184
\lineht@=\dimen185
\@envbody=\toks35
\multlinegap=\skip52
\multlinetaggap=\skip53
\mathdisplay@stack=\toks36
LaTeX Info: Redefining \[ on input line 2739.
LaTeX Info: Redefining \] on input line 2740.
)
("C:\Users\jrgonzalez\AppData\Local\Programs\MiKTeX 2.9\tex\latex\amscls\amsthm
.sty"
Package: amsthm 2015/03/04 v2.20.2
\thm@style=\toks37
\thm@bodyfont=\toks38
\thm@headfont=\toks39
\thm@notefont=\toks40
\thm@headpunct=\toks41
\thm@preskip=\skip54
\thm@postskip=\skip55
\thm@headsep=\skip56
\dth@everypar=\toks42
)
\c@theorem=\count153
)
("C:\Users\jrgonzalez\AppData\Local\Programs\MiKTeX 2.9\tex\latex\beamer\beamer
basethemes.sty"))
("C:\Users\jrgonzalez\AppData\Local\Programs\MiKTeX 2.9\tex\latex\beamer\themes
\theme\beamerthemedefault.sty"
("C:\Users\jrgonzalez\AppData\Local\Programs\MiKTeX 2.9\tex\latex\beamer\themes
\font\beamerfontthemedefault.sty")
("C:\Users\jrgonzalez\AppData\Local\Programs\MiKTeX 2.9\tex\latex\beamer\themes
\color\beamercolorthemedefault.sty")
("C:\Users\jrgonzalez\AppData\Local\Programs\MiKTeX 2.9\tex\latex\beamer\themes
\inner\beamerinnerthemedefault.sty"
\beamer@dima=\dimen186
\beamer@dimb=\dimen187
)
("C:\Users\jrgonzalez\AppData\Local\Programs\MiKTeX 2.9\tex\latex\beamer\themes
\outer\beamerouterthemedefault.sty")))
("C:\Users\jrgonzalez\AppData\Local\Programs\MiKTeX 2.9\tex\latex\framed\framed
.sty"
Package: framed 2011/10/22 v 0.96: framed or shaded text with page breaks
\OuterFrameSep=\skip57
\fb@frw=\dimen188
\fb@frh=\dimen189
\FrameRule=\dimen190
\FrameSep=\dimen191
)
("C:\Users\jrgonzalez\AppData\Local\Programs\MiKTeX 2.9\tex\latex\base\alltt.st
y"
Package: alltt 1997/06/16 v2.0g defines alltt environment
) (CREAL_slides.sty (Sweave.sty
Package: Sweave 

("C:\Users\jrgonzalez\AppData\Local\Programs\MiKTeX 2.9\tex\latex\base\ifthen.s
ty"
Package: ifthen 2014/09/29 v1.1c Standard LaTeX ifthen package (DPC)
)
("C:\Users\jrgonzalez\AppData\Local\Programs\MiKTeX 2.9\tex\latex\fancyvrb\fanc
yvrb.sty"
Package: fancyvrb 2008/02/07

Style option: `fancyvrb' v2.7a, with DG/SPQR fixes, and firstline=lastline fix 
<2008/02/07> (tvz)
\FV@CodeLineNo=\count154
\FV@InFile=\read2
\FV@TabBox=\box53
\c@FancyVerbLine=\count155
\FV@StepNumber=\count156
\FV@OutFile=\write5
)
("C:\Users\jrgonzalez\AppData\Local\Programs\MiKTeX 2.9\tex\latex\upquote\upquo
te.sty"
Package: upquote 2012/04/19 v1.3 upright-quote and grave-accent glyphs in verba
tim
))
("C:\Users\jrgonzalez\AppData\Local\Programs\MiKTeX 2.9\tex\latex\base\latexsym
.sty"
Package: latexsym 1998/08/17 v2.2e Standard LaTeX package (lasy symbols)
\symlasy=\mathgroup6
LaTeX Font Info:    Overwriting symbol font `lasy' in version `bold'
(Font)                  U/lasy/m/n --> U/lasy/b/n on input line 52.
)
("C:\Users\jrgonzalez\AppData\Local\Programs\MiKTeX 2.9\tex\latex\beamer\themes
\theme\beamerthemeWarsaw.sty"
("C:\Users\jrgonzalez\AppData\Local\Programs\MiKTeX 2.9\tex\latex\beamer\themes
\inner\beamerinnerthemerounded.sty")
("C:\Users\jrgonzalez\AppData\Local\Programs\MiKTeX 2.9\tex\latex\beamer\themes
\outer\beamerouterthemeshadow.sty"
("C:\Users\jrgonzalez\AppData\Local\Programs\MiKTeX 2.9\tex\latex\beamer\themes
\outer\beamerouterthemesplit.sty"))
("C:\Users\jrgonzalez\AppData\Local\Programs\MiKTeX 2.9\tex\latex\beamer\themes
\color\beamercolorthemeorchid.sty")
("C:\Users\jrgonzalez\AppData\Local\Programs\MiKTeX 2.9\tex\latex\beamer\themes
\color\beamercolorthemewhale.sty"))
("C:\Users\jrgonzalez\AppData\Local\Programs\MiKTeX 2.9\tex\latex\beamer\themes
\color\beamercolorthemestructure.sty")
("C:\Users\jrgonzalez\AppData\Local\Programs\MiKTeX 2.9\tex\latex\base\inputenc
.sty"
Package: inputenc 2015/03/17 v1.2c Input encoding file
\inpenc@prehook=\toks43
\inpenc@posthook=\toks44

("C:\Users\jrgonzalez\AppData\Local\Programs\MiKTeX 2.9\tex\latex\base\latin1.d
ef"
File: latin1.def 2015/03/17 v1.2c Input encoding file
))
("C:\Users\jrgonzalez\AppData\Local\Programs\MiKTeX 2.9\tex\latex\psnfss\times.
sty"
Package: times 2005/04/12 PSNFSS-v9.2a (SPQR) 
)
("C:\Users\jrgonzalez\AppData\Local\Programs\MiKTeX 2.9\tex\latex\base\fontenc.
sty"
Package: fontenc 2016/06/19 v1.99m Standard LaTeX package

("C:\Users\jrgonzalez\AppData\Local\Programs\MiKTeX 2.9\tex\latex\base\t1enc.de
f"
File: t1enc.def 2016/06/19 v1.99m Standard LaTeX file
LaTeX Font Info:    Redeclaring font encoding T1 on input line 48.
))
("C:\Users\jrgonzalez\AppData\Local\Programs\MiKTeX 2.9\tex\latex\wasysym\wasys
ym.sty"
Package: wasysym 2003/10/30 v2.0 Wasy-2 symbol support package
\symwasy=\mathgroup7
LaTeX Font Info:    Overwriting symbol font `wasy' in version `bold'
(Font)                  U/wasy/m/n --> U/wasy/b/n on input line 90.
)
("C:\Users\jrgonzalez\AppData\Local\Programs\MiKTeX 2.9\tex\latex\psnfss\pifont
.sty"
Package: pifont 2005/04/12 PSNFSS-v9.2a Pi font support (SPQR) 
LaTeX Font Info:    Try loading font information for U+pzd on input line 63.

("C:\Users\jrgonzalez\AppData\Local\Programs\MiKTeX 2.9\tex\latex\psnfss\upzd.f
d"
File: upzd.fd 2001/06/04 font definitions for U/pzd.
)
LaTeX Font Info:    Try loading font information for U+psy on input line 64.

("C:\Users\jrgonzalez\AppData\Local\Programs\MiKTeX 2.9\tex\latex\psnfss\upsy.f
d"
File: upsy.fd 2001/06/04 font definitions for U/psy.
))
("C:\Users\jrgonzalez\AppData\Local\Programs\MiKTeX 2.9\tex\latex\tools\dcolumn
.sty"
Package: dcolumn 2014/10/28 v1.06 decimal alignment package (DPC)

("C:\Users\jrgonzalez\AppData\Local\Programs\MiKTeX 2.9\tex\latex\tools\array.s
ty"
Package: array 2014/10/28 v2.4c Tabular extension package (FMi)
\col@sep=\dimen192
\extrarowheight=\dimen193
\NC@list=\toks45
\extratabsurround=\skip58
\backup@length=\skip59
))
("C:\Users\jrgonzalez\AppData\Local\Programs\MiKTeX 2.9\tex\latex\booktabs\book
tabs.sty"
Package: booktabs 2005/04/14 v1.61803 publication quality tables
\heavyrulewidth=\dimen194
\lightrulewidth=\dimen195
\cmidrulewidth=\dimen196
\belowrulesep=\dimen197
\belowbottomsep=\dimen198
\aboverulesep=\dimen199
\abovetopsep=\dimen256
\cmidrulesep=\dimen257
\cmidrulekern=\dimen258
\defaultaddspace=\dimen259
\@cmidla=\count157
\@cmidlb=\count158
\@aboverulesep=\dimen260
\@belowrulesep=\dimen261
\@thisruleclass=\count159
\@lastruleclass=\count160
\@thisrulewidth=\dimen262
)
("C:\Users\jrgonzalez\AppData\Local\Programs\MiKTeX 2.9\tex\latex\tools\multico
l.sty"
Package: multicol 2016/04/07 v1.8p multicolumn formatting (FMi)
\c@tracingmulticols=\count161
\mult@box=\box54
\multicol@leftmargin=\dimen263
\c@unbalance=\count162
\c@collectmore=\count163
\doublecol@number=\count164
\multicoltolerance=\count165
\multicolpretolerance=\count166
\full@width=\dimen264
\page@free=\dimen265
\premulticols=\dimen266
\postmulticols=\dimen267
\multicolsep=\skip60
\multicolbaselineskip=\skip61
\partial@page=\box55
\last@line=\box56
\maxbalancingoverflow=\dimen268
\mult@rightbox=\box57
\mult@grightbox=\box58
\mult@gfirstbox=\box59
\mult@firstbox=\box60
\@tempa=\box61
\@tempa=\box62
\@tempa=\box63
\@tempa=\box64
\@tempa=\box65
\@tempa=\box66
\@tempa=\box67
\@tempa=\box68
\@tempa=\box69
\@tempa=\box70
\@tempa=\box71
\@tempa=\box72
\@tempa=\box73
\@tempa=\box74
\@tempa=\box75
\@tempa=\box76
\@tempa=\box77
\c@columnbadness=\count167
\c@finalcolumnbadness=\count168
\last@try=\dimen269
\multicolovershoot=\dimen270
\multicolundershoot=\dimen271
\mult@nat@firstbox=\box78
\colbreak@box=\box79
\mc@col@check@num=\count169
)
("C:\Users\jrgonzalez\AppData\Local\Programs\MiKTeX 2.9\tex\latex\oberdiek\epst
opdf.sty"
Package: epstopdf 2016/05/15 v2.6 Conversion with epstopdf on the fly (HO)

("C:\Users\jrgonzalez\AppData\Local\Programs\MiKTeX 2.9\tex\latex\oberdiek\epst
opdf-base.sty"
Package: epstopdf-base 2016/05/15 v2.6 Base part for package epstopdf

("C:\Users\jrgonzalez\AppData\Local\Programs\MiKTeX 2.9\tex\latex\oberdiek\grfe
xt.sty"
Package: grfext 2016/05/16 v1.2 Manage graphics extensions (HO)
)
Package epstopdf-base Info: Redefining graphics rule for `.eps' on input line 4
38.
Package grfext Info: Graphics extension search list:
(grfext)             [.png,.pdf,.jpg,.mps,.jpeg,.jbig2,.jb2,.PNG,.PDF,.JPG,.JPE
G,.JBIG2,.JB2,.eps]
(grfext)             \AppendGraphicsExtensions on input line 456.
)))
("C:\Users\jrgonzalez\AppData\Local\Programs\MiKTeX 2.9\tex\latex\tools\calc.st
y"
Package: calc 2014/10/28 v4.3 Infix arithmetic (KKT,FJ)
\calc@Acount=\count170
\calc@Bcount=\count171
\calc@Adimen=\dimen272
\calc@Bdimen=\dimen273
\calc@Askip=\skip62
\calc@Bskip=\skip63
LaTeX Info: Redefining \setlength on input line 80.
LaTeX Info: Redefining \addtolength on input line 81.
\calc@Ccount=\count172
\calc@Cskip=\skip64
)
("C:\Users\jrgonzalez\AppData\Local\Programs\MiKTeX 2.9\tex\latex\enumitem\enum
item.sty"
Package: enumitem 2011/09/28 v3.5.2 Customized lists
\labelindent=\skip65
\enit@outerparindent=\dimen274
\enit@toks=\toks46
\enit@inbox=\box80
)
("C:\Users\jrgonzalez\AppData\Local\Programs\MiKTeX 2.9\tex\latex\float\float.s
ty"
Package: float 2001/11/08 v1.3d Float enhancements (AL)
\c@float@type=\count173
\float@exts=\toks47
\float@box=\box81
\@float@everytoks=\toks48
\@floatcapt=\box82
)
("C:\Users\jrgonzalez\AppData\Local\Programs\MiKTeX 2.9\tex\latex\subfig\subfig
.sty"
Package: subfig 2005/06/28 ver: 1.3 subfig package

("C:\Users\jrgonzalez\AppData\Local\Programs\MiKTeX 2.9\tex\latex\caption\capti
on.sty"
Package: caption 2016/02/21 v3.3-144 Customizing captions (AR)

("C:\Users\jrgonzalez\AppData\Local\Programs\MiKTeX 2.9\tex\latex\caption\capti
on3.sty"
Package: caption3 2016/05/22 v1.7-166 caption3 kernel (AR)
Package caption3 Info: TeX engine: e-TeX on input line 67.
\captionmargin=\dimen275
\captionmargin@=\dimen276
\captionwidth=\dimen277
\caption@tempdima=\dimen278
\caption@indent=\dimen279
\caption@parindent=\dimen280
\caption@hangindent=\dimen281
)
\c@ContinuedFloat=\count174
Package caption Info: beamer document class.
Package caption Info: float package is loaded.
Package caption Info: hyperref package is loaded.
Package caption Info: Hyperref support is turned off
(caption)             because hyperref has stopped early.
)
\c@KVtest=\count175
\sf@farskip=\skip66
\sf@captopadj=\dimen282
\sf@capskip=\skip67
\sf@nearskip=\skip68
\c@subfigure=\count176
\c@subfigure@save=\count177
\c@depth=\count178
\c@subtable=\count179
\c@subtable@save=\count180
\sf@top=\skip69
\sf@bottom=\skip70
)
("C:\Users\jrgonzalez\AppData\Local\Programs\MiKTeX 2.9\tex\latex\pgf\frontendl
ayer\tikz.sty"
("C:\Users\jrgonzalez\AppData\Local\Programs\MiKTeX 2.9\tex\latex\pgf\basiclaye
r\pgf.sty"
Package: pgf 2015/08/07 v3.0.1a (rcs-revision 1.15)

("C:\Users\jrgonzalez\AppData\Local\Programs\MiKTeX 2.9\tex\generic\pgf\modules
\pgfmoduleshapes.code.tex"
File: pgfmoduleshapes.code.tex 2014/03/21  (rcs-revision 1.35)
\pgfnodeparttextbox=\box83
)
("C:\Users\jrgonzalez\AppData\Local\Programs\MiKTeX 2.9\tex\generic\pgf\modules
\pgfmoduleplot.code.tex"
File: pgfmoduleplot.code.tex 2015/08/03  (rcs-revision 1.13)
)
("C:\Users\jrgonzalez\AppData\Local\Programs\MiKTeX 2.9\tex\latex\pgf\compatibi
lity\pgfcomp-version-0-65.sty"
Package: pgfcomp-version-0-65 2007/07/03 v3.0.1a (rcs-revision 1.7)
\pgf@nodesepstart=\dimen283
\pgf@nodesepend=\dimen284
)
("C:\Users\jrgonzalez\AppData\Local\Programs\MiKTeX 2.9\tex\latex\pgf\compatibi
lity\pgfcomp-version-1-18.sty"
Package: pgfcomp-version-1-18 2007/07/23 v3.0.1a (rcs-revision 1.1)
))
("C:\Users\jrgonzalez\AppData\Local\Programs\MiKTeX 2.9\tex\latex\pgf\utilities
\pgffor.sty"
("C:\Users\jrgonzalez\AppData\Local\Programs\MiKTeX 2.9\tex\latex\pgf\utilities
\pgfkeys.sty"
("C:\Users\jrgonzalez\AppData\Local\Programs\MiKTeX 2.9\tex\generic\pgf\utiliti
es\pgfkeys.code.tex"))
("C:\Users\jrgonzalez\AppData\Local\Programs\MiKTeX 2.9\tex\latex\pgf\math\pgfm
ath.sty"
("C:\Users\jrgonzalez\AppData\Local\Programs\MiKTeX 2.9\tex\generic\pgf\math\pg
fmath.code.tex"))
("C:\Users\jrgonzalez\AppData\Local\Programs\MiKTeX 2.9\tex\generic\pgf\utiliti
es\pgffor.code.tex"
Package: pgffor 2013/12/13 v3.0.1a (rcs-revision 1.25)

("C:\Users\jrgonzalez\AppData\Local\Programs\MiKTeX 2.9\tex\generic\pgf\math\pg
fmath.code.tex")
\pgffor@iter=\dimen285
\pgffor@skip=\dimen286
\pgffor@stack=\toks49
\pgffor@toks=\toks50
))
("C:\Users\jrgonzalez\AppData\Local\Programs\MiKTeX 2.9\tex\generic\pgf\fronten
dlayer\tikz\tikz.code.tex"
Package: tikz 2015/08/07 v3.0.1a (rcs-revision 1.151)

("C:\Users\jrgonzalez\AppData\Local\Programs\MiKTeX 2.9\tex\generic\pgf\librari
es\pgflibraryplothandlers.code.tex"
File: pgflibraryplothandlers.code.tex 2013/08/31 v3.0.1a (rcs-revision 1.20)
\pgf@plot@mark@count=\count181
\pgfplotmarksize=\dimen287
)
\tikz@lastx=\dimen288
\tikz@lasty=\dimen289
\tikz@lastxsaved=\dimen290
\tikz@lastysaved=\dimen291
\tikzleveldistance=\dimen292
\tikzsiblingdistance=\dimen293
\tikz@figbox=\box84
\tikz@figbox@bg=\box85
\tikz@tempbox=\box86
\tikz@tempbox@bg=\box87
\tikztreelevel=\count182
\tikznumberofchildren=\count183
\tikznumberofcurrentchild=\count184
\tikz@fig@count=\count185

("C:\Users\jrgonzalez\AppData\Local\Programs\MiKTeX 2.9\tex\generic\pgf\modules
\pgfmodulematrix.code.tex"
File: pgfmodulematrix.code.tex 2013/09/17  (rcs-revision 1.8)
\pgfmatrixcurrentrow=\count186
\pgfmatrixcurrentcolumn=\count187
\pgf@matrix@numberofcolumns=\count188
)
\tikz@expandcount=\count189

("C:\Users\jrgonzalez\AppData\Local\Programs\MiKTeX 2.9\tex\generic\pgf\fronten
dlayer\tikz\libraries\tikzlibrarytopaths.code.tex"
File: tikzlibrarytopaths.code.tex 2008/06/17 v3.0.1a (rcs-revision 1.2)
)))
("C:\Users\jrgonzalez\AppData\Local\Programs\MiKTeX 2.9\tex\generic\pgf\fronten
dlayer\tikz\libraries\tikzlibraryarrows.code.tex"
File: tikzlibraryarrows.code.tex 2008/01/09 v3.0.1a (rcs-revision 1.1)

("C:\Users\jrgonzalez\AppData\Local\Programs\MiKTeX 2.9\tex\generic\pgf\librari
es\pgflibraryarrows.code.tex"
File: pgflibraryarrows.code.tex 2013/09/23 v3.0.1a (rcs-revision 1.16)
\arrowsize=\dimen294
))

Package hyperref Warning: Token not allowed in a PDF string (PDFDocEncoding):
(hyperref)                removing `\new@ifnextchar' on input line 91.


Package hyperref Warning: Token not allowed in a PDF string (PDFDocEncoding):
(hyperref)                removing `\medskipamount' on input line 91.

(integration_multiples_tables.aux)
\openout1 = `integration_multiples_tables.aux'.

LaTeX Font Info:    Checking defaults for OML/cmm/m/it on input line 91.
LaTeX Font Info:    ... okay on input line 91.
LaTeX Font Info:    Checking defaults for T1/cmr/m/n on input line 91.
LaTeX Font Info:    ... okay on input line 91.
LaTeX Font Info:    Checking defaults for OT1/cmr/m/n on input line 91.
LaTeX Font Info:    ... okay on input line 91.
LaTeX Font Info:    Checking defaults for OMS/cmsy/m/n on input line 91.
LaTeX Font Info:    ... okay on input line 91.
LaTeX Font Info:    Checking defaults for OMX/cmex/m/n on input line 91.
LaTeX Font Info:    ... okay on input line 91.
LaTeX Font Info:    Checking defaults for U/cmr/m/n on input line 91.
LaTeX Font Info:    ... okay on input line 91.
LaTeX Font Info:    Checking defaults for PD1/pdf/m/n on input line 91.
LaTeX Font Info:    ... okay on input line 91.
LaTeX Font Info:    Try loading font information for T1+phv on input line 91.

("C:\Users\jrgonzalez\AppData\Local\Programs\MiKTeX 2.9\tex\latex\psnfss\t1phv.
fd"
File: t1phv.fd 2001/06/04 scalable font definitions for T1/phv.
)
*geometry* driver: auto-detecting
*geometry* detected driver: pdftex
*geometry* verbose mode - [ preamble ] result:
* driver: pdftex
* paper: custom
* layout: <same size as paper>
* layoutoffset:(h,v)=(0.0pt,0.0pt)
* modes: includehead includefoot 
* h-part:(L,W,R)=(28.45274pt, 307.28987pt, 28.45274pt)
* v-part:(T,H,B)=(0.0pt, 273.14662pt, 0.0pt)
* \paperwidth=364.19536pt
* \paperheight=273.14662pt
* \textwidth=307.28987pt
* \textheight=244.6939pt
* \oddsidemargin=-43.81725pt
* \evensidemargin=-43.81725pt
* \topmargin=-72.26999pt
* \headheight=14.22636pt
* \headsep=0.0pt
* \topskip=10.0pt
* \footskip=14.22636pt
* \marginparwidth=3.0pt
* \marginparsep=11.0pt
* \columnsep=10.0pt
* \skip\footins=9.0pt plus 4.0pt minus 2.0pt
* \hoffset=0.0pt
* \voffset=0.0pt
* \mag=1000
* \@twocolumnfalse
* \@twosidefalse
* \@mparswitchfalse
* \@reversemarginfalse
* (1in=72.27pt=25.4mm, 1cm=28.453pt)


("C:\Users\jrgonzalez\AppData\Local\Programs\MiKTeX 2.9\tex\context\base\supp-p
df.mkii"
[Loading MPS to PDF converter (version 2006.09.02).]
\scratchcounter=\count190
\scratchdimen=\dimen295
\scratchbox=\box88
\nofMPsegments=\count191
\nofMParguments=\count192
\everyMPshowfont=\toks51
\MPscratchCnt=\count193
\MPscratchDim=\dimen296
\MPnumerator=\count194
\makeMPintoPDFobject=\count195
\everyMPtoPDFconversion=\toks52
) ABD: EveryShipout initializing macros
\AtBeginShipoutBox=\box89
Package hyperref Info: Link coloring OFF on input line 91.

("C:\Users\jrgonzalez\AppData\Local\Programs\MiKTeX 2.9\tex\latex\hyperref\name
ref.sty"
Package: nameref 2016/05/21 v2.44 Cross-referencing by name of section

("C:\Users\jrgonzalez\AppData\Local\Programs\MiKTeX 2.9\tex\generic\oberdiek\ge
ttitlestring.sty"
Package: gettitlestring 2016/05/16 v1.5 Cleanup title references (HO)
)
\c@section@level=\count196
)
LaTeX Info: Redefining \ref on input line 91.
LaTeX Info: Redefining \pageref on input line 91.
LaTeX Info: Redefining \nameref on input line 91.
 (integration_multiples_tables.out)
(integration_multiples_tables.out)
\@outlinefile=\write6
\openout6 = `integration_multiples_tables.out'.

LaTeX Font Info:    Overwriting symbol font `operators' in version `normal'
(Font)                  OT1/cmr/m/n --> OT1/cmss/m/n on input line 91.
LaTeX Font Info:    Overwriting symbol font `operators' in version `bold'
(Font)                  OT1/cmr/bx/n --> OT1/cmss/bx/n on input line 91.
\symnumbers=\mathgroup8
\sympureletters=\mathgroup9
LaTeX Font Info:    Overwriting math alphabet `\mathrm' in version `normal'
(Font)                  OT1/cmss/m/n --> T1/ptm/m/n on input line 91.
LaTeX Font Info:    Redeclaring math alphabet \mathbf on input line 91.
LaTeX Font Info:    Overwriting math alphabet `\mathbf' in version `normal'
(Font)                  OT1/cmr/bx/n --> T1/phv/bx/n on input line 91.
LaTeX Font Info:    Overwriting math alphabet `\mathbf' in version `bold'
(Font)                  OT1/cmr/bx/n --> T1/phv/bx/n on input line 91.
LaTeX Font Info:    Redeclaring math alphabet \mathsf on input line 91.
LaTeX Font Info:    Overwriting math alphabet `\mathsf' in version `normal'
(Font)                  OT1/cmss/m/n --> T1/phv/m/n on input line 91.
LaTeX Font Info:    Overwriting math alphabet `\mathsf' in version `bold'
(Font)                  OT1/cmss/bx/n --> T1/phv/m/n on input line 91.
LaTeX Font Info:    Redeclaring math alphabet \mathit on input line 91.
LaTeX Font Info:    Overwriting math alphabet `\mathit' in version `normal'
(Font)                  OT1/cmr/m/it --> T1/phv/m/it on input line 91.
LaTeX Font Info:    Overwriting math alphabet `\mathit' in version `bold'
(Font)                  OT1/cmr/bx/it --> T1/phv/m/it on input line 91.
LaTeX Font Info:    Redeclaring math alphabet \mathtt on input line 91.
LaTeX Font Info:    Overwriting math alphabet `\mathtt' in version `normal'
(Font)                  OT1/cmtt/m/n --> T1/pcr/m/n on input line 91.
LaTeX Font Info:    Overwriting math alphabet `\mathtt' in version `bold'
(Font)                  OT1/cmtt/m/n --> T1/pcr/m/n on input line 91.
LaTeX Font Info:    Overwriting symbol font `numbers' in version `bold'
(Font)                  T1/phv/m/n --> T1/phv/bx/n on input line 91.
LaTeX Font Info:    Overwriting symbol font `pureletters' in version `bold'
(Font)                  T1/phv/m/it --> T1/phv/bx/it on input line 91.
LaTeX Font Info:    Overwriting math alphabet `\mathrm' in version `bold'
(Font)                  OT1/cmss/bx/n --> T1/ptm/bx/n on input line 91.
LaTeX Font Info:    Overwriting math alphabet `\mathbf' in version `bold'
(Font)                  T1/phv/bx/n --> T1/phv/bx/n on input line 91.
LaTeX Font Info:    Overwriting math alphabet `\mathsf' in version `bold'
(Font)                  T1/phv/m/n --> T1/phv/bx/n on input line 91.
LaTeX Font Info:    Overwriting math alphabet `\mathit' in version `bold'
(Font)                  T1/phv/m/it --> T1/phv/bx/it on input line 91.
LaTeX Font Info:    Overwriting math alphabet `\mathtt' in version `bold'
(Font)                  T1/pcr/m/n --> T1/pcr/bx/n on input line 91.

("C:\Users\jrgonzalez\AppData\Local\Programs\MiKTeX 2.9\tex\latex\beamer\transl
ator\dicts\translator-basic-dictionary\translator-basic-dictionary-English.dict
"
Dictionary: translator-basic-dictionary, Language: English 
)
("C:\Users\jrgonzalez\AppData\Local\Programs\MiKTeX 2.9\tex\latex\beamer\transl
ator\dicts\translator-bibliography-dictionary\translator-bibliography-dictionar
y-English.dict"
Dictionary: translator-bibliography-dictionary, Language: English 
)
("C:\Users\jrgonzalez\AppData\Local\Programs\MiKTeX 2.9\tex\latex\beamer\transl
ator\dicts\translator-environment-dictionary\translator-environment-dictionary-
English.dict"
Dictionary: translator-environment-dictionary, Language: English 
)
("C:\Users\jrgonzalez\AppData\Local\Programs\MiKTeX 2.9\tex\latex\beamer\transl
ator\dicts\translator-months-dictionary\translator-months-dictionary-English.di
ct"
Dictionary: translator-months-dictionary, Language: English 
)
("C:\Users\jrgonzalez\AppData\Local\Programs\MiKTeX 2.9\tex\latex\beamer\transl
ator\dicts\translator-numbers-dictionary\translator-numbers-dictionary-English.
dict"
Dictionary: translator-numbers-dictionary, Language: English 
)
("C:\Users\jrgonzalez\AppData\Local\Programs\MiKTeX 2.9\tex\latex\beamer\transl
ator\dicts\translator-theorem-dictionary\translator-theorem-dictionary-English.
dict"
Dictionary: translator-theorem-dictionary, Language: English 
)
LaTeX Info: Redefining \includegraphics on input line 91.
Package caption Info: Begin \AtBeginDocument code.
Package caption Info: subfig package v1.3 is loaded.
Package caption Info: End \AtBeginDocument code.
 (integration_multiples_tables.nav)
LaTeX Font Info:    Try loading font information for T1+pcr on input line 96.

("C:\Users\jrgonzalez\AppData\Local\Programs\MiKTeX 2.9\tex\latex\psnfss\t1pcr.
fd"
File: t1pcr.fd 2001/06/04 font definitions for T1/pcr.
)
LaTeX Font Info:    Try loading font information for U+msa on input line 96.

("C:\Users\jrgonzalez\AppData\Local\Programs\MiKTeX 2.9\tex\latex\amsfonts\umsa
.fd"
File: umsa.fd 2013/01/14 v3.01 AMS symbols A
)
LaTeX Font Info:    Try loading font information for U+msb on input line 96.

("C:\Users\jrgonzalez\AppData\Local\Programs\MiKTeX 2.9\tex\latex\amsfonts\umsb
.fd"
File: umsb.fd 2013/01/14 v3.01 AMS symbols B
)
LaTeX Font Info:    Try loading font information for U+lasy on input line 96.

("C:\Users\jrgonzalez\AppData\Local\Programs\MiKTeX 2.9\tex\latex\base\ulasy.fd
"
File: ulasy.fd 1998/08/17 v2.2e LaTeX symbol font definitions
)
LaTeX Font Info:    Try loading font information for U+wasy on input line 96.

("C:\Users\jrgonzalez\AppData\Local\Programs\MiKTeX 2.9\tex\latex\wasysym\uwasy
.fd"
File: uwasy.fd 2003/10/30 v2.0 Wasy-2 symbol font definitions
)
LaTeX Font Info:    Font shape `T1/phv/m/it' in size <7> not available
(Font)              Font shape `T1/phv/m/sl' tried instead on input line 96.
LaTeX Font Info:    Font shape `T1/phv/m/it' in size <5> not available
(Font)              Font shape `T1/phv/m/sl' tried instead on input line 96.
 <simbolCREALclar2.jpg, id=47, 798.1017pt x 784.6113pt>
File: simbolCREALclar2.jpg Graphic file (type jpg)

<use simbolCREALclar2.jpg>
Package pdftex.def Info: simbolCREALclar2.jpg used on input line 96.
(pdftex.def)             Requested size: 364.19536pt x 358.04028pt.
 [1{C:/Users/jrgonzalez/AppData/Local/MiKTeX/2.9/pdftex/config/pdftex.map}

 <./simbolCREALclar2.jpg>]
(integration_multiples_tables.toc)
File: simbolCREALclar2.jpg Graphic file (type jpg)
 <use simbolCREALclar2.jpg>
Package pdftex.def Info: simbolCREALclar2.jpg used on input line 101.
(pdftex.def)             Requested size: 364.19536pt x 358.04028pt.
 [2

]
(integration_multiples_tables.toc)
File: simbolCREALclar2.jpg Graphic file (type jpg)
 <use simbolCREALclar2.jpg>
Package pdftex.def Info: simbolCREALclar2.jpg used on input line 104.
(pdftex.def)             Requested size: 364.19536pt x 358.04028pt.
 [3

]
File: simbolCREALclar2.jpg Graphic file (type jpg)

<use simbolCREALclar2.jpg>
Package pdftex.def Info: simbolCREALclar2.jpg used on input line 118.
(pdftex.def)             Requested size: 364.19536pt x 358.04028pt.
 [4

]
File: simbolCREALclar2.jpg Graphic file (type jpg)
 <use simbolCREALclar2.jpg>
Package pdftex.def Info: simbolCREALclar2.jpg used on input line 118.
(pdftex.def)             Requested size: 364.19536pt x 358.04028pt.
 [5

]
File: simbolCREALclar2.jpg Graphic file (type jpg)

<use simbolCREALclar2.jpg>
Package pdftex.def Info: simbolCREALclar2.jpg used on input line 118.
(pdftex.def)             Requested size: 364.19536pt x 358.04028pt.
 [6

]
<figures/general_omic_data.png, id=118, 720.7728pt x 456.2646pt>
File: figures/general_omic_data.png Graphic file (type png)

<use figures/general_omic_data.png>
Package pdftex.def Info: figures/general_omic_data.png used on input line 130.
(pdftex.def)             Requested size: 184.94392pt x 170.7159pt.
File: simbolCREALclar2.jpg Graphic file (type jpg)
 <use simbolCREALclar2.jpg>
Package pdftex.def Info: simbolCREALclar2.jpg used on input line 130.
(pdftex.def)             Requested size: 364.19536pt x 358.04028pt.
 [7

 <./figures/general_omic_data.png>]
<figures/supervised_multi_omic.png, id=127, 386.8854pt x 380.622pt>
File: figures/supervised_multi_omic.png Graphic file (type png)

<use figures/supervised_multi_omic.png>
Package pdftex.def Info: figures/supervised_multi_omic.png used on input line 1
41.
(pdftex.def)             Requested size: 170.72008pt x 170.72075pt.
File: simbolCREALclar2.jpg Graphic file (type jpg)
 <use simbolCREALclar2.jpg>
Package pdftex.def Info: simbolCREALclar2.jpg used on input line 141.
(pdftex.def)             Requested size: 364.19536pt x 358.04028pt.
 [8

 <./figures/supervised_multi_omic.png>]
<figures/non_supervised_multi_omic.png, id=134, 292.9344pt x 419.6478pt>
File: figures/non_supervised_multi_omic.png Graphic file (type png)

<use figures/non_supervised_multi_omic.png>
Package pdftex.def Info: figures/non_supervised_multi_omic.png used on input li
ne 151.
(pdftex.def)             Requested size: 142.26521pt x 170.71841pt.
File: simbolCREALclar2.jpg Graphic file (type jpg)
 <use simbolCREALclar2.jpg>
Package pdftex.def Info: simbolCREALclar2.jpg used on input line 151.
(pdftex.def)             Requested size: 364.19536pt x 358.04028pt.
 [9

 <./figures/non_supervised_multi_omic.png>]
File: simbolCREALclar2.jpg Graphic file (type jpg)
 <use simbolCREALclar2.jpg>
Package pdftex.def Info: simbolCREALclar2.jpg used on input line 169.
(pdftex.def)             Requested size: 364.19536pt x 358.04028pt.
 [10

]
<figures/meta_dimensional.jpg, id=148, 949.5475pt x 671.50874pt>
File: figures/meta_dimensional.jpg Graphic file (type jpg)

<use figures/meta_dimensional.jpg>
Package pdftex.def Info: figures/meta_dimensional.jpg used on input line 180.
(pdftex.def)             Requested size: 170.70833pt x 199.16924pt.
File: simbolCREALclar2.jpg Graphic file (type jpg)
 <use simbolCREALclar2.jpg>
Package pdftex.def Info: simbolCREALclar2.jpg used on input line 180.
(pdftex.def)             Requested size: 364.19536pt x 358.04028pt.
 [11

 <./figures/meta_dimensional.jpg>]
<figures/mendelian_randomization.png, id=154, 296.10625pt x 171.64125pt>
File: figures/mendelian_randomization.png Graphic file (type png)

<use figures/mendelian_randomization.png>
Package pdftex.def Info: figures/mendelian_randomization.png used on input line
 191.
(pdftex.def)             Requested size: 170.72061pt x 113.80998pt.
File: simbolCREALclar2.jpg Graphic file (type jpg)
 <use simbolCREALclar2.jpg>
Package pdftex.def Info: simbolCREALclar2.jpg used on input line 191.
(pdftex.def)             Requested size: 364.19536pt x 358.04028pt.
 [12

 <./figures/mendelian_randomization.png>]
<figures/CIT.png, id=161, 597.432pt x 398.4486pt>
File: figures/CIT.png Graphic file (type png)
 <use figures/CIT.png>
Package pdftex.def Info: figures/CIT.png used on input line 200.
(pdftex.def)             Requested size: 199.16782pt x 142.26189pt.
File: simbolCREALclar2.jpg Graphic file (type jpg)

<use simbolCREALclar2.jpg>
Package pdftex.def Info: simbolCREALclar2.jpg used on input line 200.
(pdftex.def)             Requested size: 364.19536pt x 358.04028pt.
 [13

 <./figures/CIT.png>]
(integration_multiples_tables.toc)
File: simbolCREALclar2.jpg Graphic file (type jpg)
 <use simbolCREALclar2.jpg>
Package pdftex.def Info: simbolCREALclar2.jpg used on input line 204.
(pdftex.def)             Requested size: 364.19536pt x 358.04028pt.
 [14

]
<figures/multi_example.jpg, id=184, 235.66304pt x 133.14961pt>
File: figures/multi_example.jpg Graphic file (type jpg)

<use figures/multi_example.jpg>
Package pdftex.def Info: figures/multi_example.jpg used on input line 217.
(pdftex.def)             Requested size: 170.72006pt x 156.49956pt.
File: simbolCREALclar2.jpg Graphic file (type jpg)
 <use simbolCREALclar2.jpg>
Package pdftex.def Info: simbolCREALclar2.jpg used on input line 217.
(pdftex.def)             Requested size: 364.19536pt x 358.04028pt.
 [15

 <./figures/multi_example.jpg>]
File: simbolCREALclar2.jpg Graphic file (type jpg)
 <use simbolCREALclar2.jpg>
Package pdftex.def Info: simbolCREALclar2.jpg used on input line 233.
(pdftex.def)             Requested size: 364.19536pt x 358.04028pt.
 [16

]
File: simbolCREALclar2.jpg Graphic file (type jpg)
 <use simbolCREALclar2.jpg>
Package pdftex.def Info: simbolCREALclar2.jpg used on input line 233.
(pdftex.def)             Requested size: 364.19536pt x 358.04028pt.

[17

]
File: simbolCREALclar2.jpg Graphic file (type jpg)
 <use simbolCREALclar2.jpg>
Package pdftex.def Info: simbolCREALclar2.jpg used on input line 233.
(pdftex.def)             Requested size: 364.19536pt x 358.04028pt.
 [18

]
File: simbolCREALclar2.jpg Graphic file (type jpg)
 <use simbolCREALclar2.jpg>
Package pdftex.def Info: simbolCREALclar2.jpg used on input line 233.
(pdftex.def)             Requested size: 364.19536pt x 358.04028pt.
 [19

]
LaTeX Font Info:    Font shape `T1/phv/m/it' in size <10> not available
(Font)              Font shape `T1/phv/m/sl' tried instead on input line 251.
File: simbolCREALclar2.jpg Graphic file (type jpg)

<use simbolCREALclar2.jpg>
Package pdftex.def Info: simbolCREALclar2.jpg used on input line 251.
(pdftex.def)             Requested size: 364.19536pt x 358.04028pt.
 [20

]
File: simbolCREALclar2.jpg Graphic file (type jpg)
 <use simbolCREALclar2.jpg>
Package pdftex.def Info: simbolCREALclar2.jpg used on input line 263.
(pdftex.def)             Requested size: 364.19536pt x 358.04028pt.
 [21

]
<figures/canonical_correlation.jpg, id=224, 320.19624pt x 158.5925pt>
File: figures/canonical_correlation.jpg Graphic file (type jpg)

<use figures/canonical_correlation.jpg>
Package pdftex.def Info: figures/canonical_correlation.jpg used on input line 2
83.
(pdftex.def)             Requested size: 170.71944pt x 99.5871pt.
File: simbolCREALclar2.jpg Graphic file (type jpg)
 <use simbolCREALclar2.jpg>
Package pdftex.def Info: simbolCREALclar2.jpg used on input line 283.
(pdftex.def)             Requested size: 364.19536pt x 358.04028pt.
 [22

 <./figures/canonical_correlation.jpg>]
File: simbolCREALclar2.jpg Graphic file (type jpg)
 <use simbolCREALclar2.jpg>
Package pdftex.def Info: simbolCREALclar2.jpg used on input line 296.
(pdftex.def)             Requested size: 364.19536pt x 358.04028pt.
 [23

]
<figures/mCCA.png, id=235, 606.76688pt x 295.85532pt>
File: figures/mCCA.png Graphic file (type png)
 <use figures/mCCA.png>
Package pdftex.def Info: figures/mCCA.png used on input line 308.
(pdftex.def)             Requested size: 227.62035pt x 142.26625pt.
File: simbolCREALclar2.jpg Graphic file (type jpg)

<use simbolCREALclar2.jpg>
Package pdftex.def Info: simbolCREALclar2.jpg used on input line 308.
(pdftex.def)             Requested size: 364.19536pt x 358.04028pt.
 [24

 <./figures/mCCA.png>]
File: simbolCREALclar2.jpg Graphic file (type jpg)

<use simbolCREALclar2.jpg>
Package pdftex.def Info: simbolCREALclar2.jpg used on input line 321.
(pdftex.def)             Requested size: 364.19536pt x 358.04028pt.
 [25

]
\openout4 = `integration_multiples_tables.vrb'.

 (integration_multiples_tables.vrb
Overfull \hbox (63.49005pt too wide) in paragraph at lines 6--7
\T1/pcr/m/n/10 https://tcga-data.nci.nih.gov/docs/publications/brca_2012/\T1/ph
v/m/n/10 .  
 []

LaTeX Font Info:    Font shape `T1/pcr/bx/n' in size <8> not available
(Font)              Font shape `T1/pcr/b/n' tried instead on input line 13.
)
File: simbolCREALclar2.jpg Graphic file (type jpg)
 <use simbolCREALclar2.jpg>
Package pdftex.def Info: simbolCREALclar2.jpg used on input line 342.
(pdftex.def)             Requested size: 364.19536pt x 358.04028pt.
 [26

]
\openout4 = `integration_multiples_tables.vrb'.

 (integration_multiples_tables.vrb)
File: simbolCREALclar2.jpg Graphic file (type jpg)

<use simbolCREALclar2.jpg>
Package pdftex.def Info: simbolCREALclar2.jpg used on input line 397.
(pdftex.def)             Requested size: 364.19536pt x 358.04028pt.
 [27

]
\openout4 = `integration_multiples_tables.vrb'.

 (integration_multiples_tables.vrb
<figure/plot_rcc_out-1.pdf, id=258, 505.89pt x 505.89pt>
File: figure/plot_rcc_out-1.pdf Graphic file (type pdf)

<use figure/plot_rcc_out-1.pdf>
Package pdftex.def Info: figure/plot_rcc_out-1.pdf used on input line 6.
(pdftex.def)             Requested size: 144.54pt x 144.54294pt.
)
File: simbolCREALclar2.jpg Graphic file (type jpg)
 <use simbolCREALclar2.jpg>
Package pdftex.def Info: simbolCREALclar2.jpg used on input line 413.
(pdftex.def)             Requested size: 364.19536pt x 358.04028pt.
 [28

 <./figure/plot_rcc_out-1.pdf>]
\openout4 = `integration_multiples_tables.vrb'.

 (integration_multiples_tables.vrb
Overfull \hbox (23.91034pt too wide) in paragraph at lines 19--19
[]                        []\T1/pcr/m/n/8 ncomponents[][]=[][]1[][],[] []trace[
][]=[][]FALSE[][],[] []standardize[][]=[][]TRUE[][])[][] 
 []

)
File: simbolCREALclar2.jpg Graphic file (type jpg)
 <use simbolCREALclar2.jpg>
Package pdftex.def Info: simbolCREALclar2.jpg used on input line 442.
(pdftex.def)             Requested size: 364.19536pt x 358.04028pt.
 [29

]
\openout4 = `integration_multiples_tables.vrb'.

 (integration_multiples_tables.vrb
LaTeX Font Info:    Font shape `T1/pcr/bx/n' in size <7> not available
(Font)              Font shape `T1/pcr/b/n' tried instead on input line 6.
)
File: simbolCREALclar2.jpg Graphic file (type jpg)

<use simbolCREALclar2.jpg>
Package pdftex.def Info: simbolCREALclar2.jpg used on input line 480.
(pdftex.def)             Requested size: 364.19536pt x 358.04028pt.
 [30

]
\openout4 = `integration_multiples_tables.vrb'.

 (integration_multiples_tables.vrb)
File: simbolCREALclar2.jpg Graphic file (type jpg)

<use simbolCREALclar2.jpg>
Package pdftex.def Info: simbolCREALclar2.jpg used on input line 514.
(pdftex.def)             Requested size: 364.19536pt x 358.04028pt.
 [31

]
\openout4 = `integration_multiples_tables.vrb'.

 (integration_multiples_tables.vrb
<figure/plot_cia-1.pdf, id=285, 505.89pt x 505.89pt>
File: figure/plot_cia-1.pdf Graphic file (type pdf)

<use figure/plot_cia-1.pdf>
Package pdftex.def Info: figure/plot_cia-1.pdf used on input line 5.
(pdftex.def)             Requested size: 170.71652pt x 170.71892pt.
)
File: simbolCREALclar2.jpg Graphic file (type jpg)
 <use simbolCREALclar2.jpg>
Package pdftex.def Info: simbolCREALclar2.jpg used on input line 526.
(pdftex.def)             Requested size: 364.19536pt x 358.04028pt.
 [32

 <./figure/plot_cia-1.pdf>]
\openout4 = `integration_multiples_tables.vrb'.

 (integration_multiples_tables.vrb)
File: simbolCREALclar2.jpg Graphic file (type jpg)
 <use simbolCREALclar2.jpg>
Package pdftex.def Info: simbolCREALclar2.jpg used on input line 550.
(pdftex.def)             Requested size: 364.19536pt x 358.04028pt.
 [33

]
\openout4 = `integration_multiples_tables.vrb'.


(integration_multiples_tables.vrb)
File: simbolCREALclar2.jpg Graphic file (type jpg)
 <use simbolCREALclar2.jpg>
Package pdftex.def Info: simbolCREALclar2.jpg used on input line 575.
(pdftex.def)             Requested size: 364.19536pt x 358.04028pt.
 [34

]
\openout4 = `integration_multiples_tables.vrb'.


(integration_multiples_tables.vrb
Overfull \hbox (33.51035pt too wide) in paragraph at lines 18--18
[]     []\T1/pcr/m/n/8 df.color[][]=[][]\T1/pcr/b/n/8 c[][]\T1/pcr/m/n/8 ([][]"
cyan"[][],[] []"magenta"[][],[] []"red4"[][],[] []"brown"[][],[][]"yellow"[][],
[] []"orange"[][]),[][] 
 []

)
File: simbolCREALclar2.jpg Graphic file (type jpg)
 <use simbolCREALclar2.jpg>
Package pdftex.def Info: simbolCREALclar2.jpg used on input line 601.
(pdftex.def)             Requested size: 364.19536pt x 358.04028pt.
 [35

]
\openout4 = `integration_multiples_tables.vrb'.

 (integration_multiples_tables.vrb
<figure/plot_mcia-1.pdf, id=311, 505.89pt x 505.89pt>
File: figure/plot_mcia-1.pdf Graphic file (type pdf)

<use figure/plot_mcia-1.pdf>
Package pdftex.def Info: figure/plot_mcia-1.pdf used on input line 5.
(pdftex.def)             Requested size: 156.49014pt x 156.49234pt.
)
File: simbolCREALclar2.jpg Graphic file (type jpg)
 <use simbolCREALclar2.jpg>
Package pdftex.def Info: simbolCREALclar2.jpg used on input line 612.
(pdftex.def)             Requested size: 364.19536pt x 358.04028pt.
 [36

 <./figure/plot_mcia-1.pdf>]
\openout4 = `integration_multiples_tables.vrb'.

 (integration_multiples_tables.vrb
Overfull \hbox (57.51036pt too wide) in paragraph at lines 24--24
[]\T1/pcr/m/n/8 ##                ax1_miRNA_positive ax1_RNAseq_positive ax1_Me
thyl_positive[] 
 []


Overfull \hbox (57.51036pt too wide) in paragraph at lines 24--24
[]\T1/pcr/m/n/8 ## 1 hsa.mir.4254.MIMAT0016884.miRNA         AGR3.RNAseq   cg08
097882.Methyl[] 
 []


Overfull \hbox (57.51036pt too wide) in paragraph at lines 24--24
[]\T1/pcr/m/n/8 ## 2 hsa.mir.3945.MIMAT0018361.miRNA        FOXA1.RNAseq   cg09
952204.Methyl[] 
 []


Overfull \hbox (57.51036pt too wide) in paragraph at lines 24--24
[]\T1/pcr/m/n/8 ## 3 hsa.mir.302b.MIMAT0000715.miRNA         ESR1.RNAseq   cg04
988423.Methyl[] 
 []


Overfull \hbox (57.51036pt too wide) in paragraph at lines 24--24
[]\T1/pcr/m/n/8 ## 4 hsa.mir.1265.MIMAT0005918.miRNA         AGR2.RNAseq   cg00
679738.Methyl[] 
 []


Overfull \hbox (57.51036pt too wide) in paragraph at lines 24--24
[]\T1/pcr/m/n/8 ## 5 hsa.mir.3171.MIMAT0015046.miRNA      C1orf64.RNAseq   cg12
601757.Methyl[] 
 []

)
File: simbolCREALclar2.jpg Graphic file (type jpg)
 <use simbolCREALclar2.jpg>
Package pdftex.def Info: simbolCREALclar2.jpg used on input line 641.
(pdftex.def)             Requested size: 364.19536pt x 358.04028pt.
 [37

]
\openout4 = `integration_multiples_tables.vrb'.

 (integration_multiples_tables.vrb
<figure/plot_eigen-1.pdf, id=328, 505.89pt x 505.89pt>
File: figure/plot_eigen-1.pdf Graphic file (type pdf)

<use figure/plot_eigen-1.pdf>
Package pdftex.def Info: figure/plot_eigen-1.pdf used on input line 16.
(pdftex.def)             Requested size: 156.49014pt x 156.49234pt.
)
File: simbolCREALclar2.jpg Graphic file (type jpg)
 <use simbolCREALclar2.jpg>
Package pdftex.def Info: simbolCREALclar2.jpg used on input line 664.
(pdftex.def)             Requested size: 364.19536pt x 358.04028pt.
 [38

 <./figure/plot_eigen-1.pdf>] (integration_multiples_tables.toc)
File: simbolCREALclar2.jpg Graphic file (type jpg)
 <use simbolCREALclar2.jpg>
Package pdftex.def Info: simbolCREALclar2.jpg used on input line 668.
(pdftex.def)             Requested size: 364.19536pt x 358.04028pt.

[39

]
LaTeX Font Info:    Font shape `T1/phv/bx/n' in size <10> not available
(Font)              Font shape `T1/phv/b/n' tried instead on input line 681.
LaTeX Font Info:    Font shape `T1/phv/bx/n' in size <7> not available
(Font)              Font shape `T1/phv/b/n' tried instead on input line 681.
LaTeX Font Info:    Font shape `T1/phv/bx/n' in size <5> not available
(Font)              Font shape `T1/phv/b/n' tried instead on input line 681.
File: simbolCREALclar2.jpg Graphic file (type jpg)
 <use simbolCREALclar2.jpg>
Package pdftex.def Info: simbolCREALclar2.jpg used on input line 681.
(pdftex.def)             Requested size: 364.19536pt x 358.04028pt.
 [40

]
LaTeX Font Info:    Try loading font information for T1+ptm on input line 692.

("C:\Users\jrgonzalez\AppData\Local\Programs\MiKTeX 2.9\tex\latex\psnfss\t1ptm.
fd"
File: t1ptm.fd 2001/06/04 font definitions for T1/ptm.
)

! LaTeX Error: There's no line here to end.

See the LaTeX manual or LaTeX Companion for explanation.
Type  H <return>  for immediate help.
 ...                                              
                                                  
l.692 \end{frame}
                 
Your command was ignored.
Type  I <command> <return>  to replace it with another command,
or  <return>  to continue without it.

! Missing $ inserted.
<inserted text> 
                $
l.692 \end{frame}
                 
I've inserted a begin-math/end-math symbol since I think
you left one out. Proceed, with fingers crossed.

! Display math should end with $$.
<to be read again> 
                   \par 
l.692 \end{frame}
                 
The `$' that I just saw supposedly matches a previous `$$'.
So I shall assume that you typed `$$' both times.


! LaTeX Error: \mathrm allowed only in math mode.

See the LaTeX manual or LaTeX Companion for explanation.
Type  H <return>  for immediate help.
 ...                                              
                                                  
l.692 \end{frame}
                 
You're in trouble here.  Try typing  <return>  to proceed.
If that doesn't work, type  X <return>  to quit.

! Missing $ inserted.
<inserted text> 
                $
l.692 \end{frame}
                 
I've inserted a begin-math/end-math symbol since I think
you left one out. Proceed, with fingers crossed.

! Missing $ inserted.
<inserted text> 
                $
l.692 \end{frame}
                 
I've inserted something that you may have forgotten.
(See the <inserted text> above.)
With luck, this will get me unwedged. But if you
really didn't forget anything, try typing `2' now; then
my insertion and my current dilemma will both disappear.

File: simbolCREALclar2.jpg Graphic file (type jpg)
<use simbolCREALclar2.jpg>
Package pdftex.def Info: simbolCREALclar2.jpg used on input line 692.
(pdftex.def)             Requested size: 364.19536pt x 358.04028pt.
 [41

]
LaTeX Font Info:    Font shape `T1/phv/bx/n' in size <9> not available
(Font)              Font shape `T1/phv/b/n' tried instead on input line 710.
LaTeX Font Info:    Font shape `T1/phv/bx/n' in size <6> not available
(Font)              Font shape `T1/phv/b/n' tried instead on input line 710.
LaTeX Font Info:    Font shape `T1/phv/m/it' in size <9> not available
(Font)              Font shape `T1/phv/m/sl' tried instead on input line 710.
LaTeX Font Info:    Font shape `T1/phv/m/it' in size <6> not available
(Font)              Font shape `T1/phv/m/sl' tried instead on input line 710.
File: simbolCREALclar2.jpg Graphic file (type jpg)
 <use simbolCREALclar2.jpg>
Package pdftex.def Info: simbolCREALclar2.jpg used on input line 710.
(pdftex.def)             Requested size: 364.19536pt x 358.04028pt.
 [42

]
File: simbolCREALclar2.jpg Graphic file (type jpg)

<use simbolCREALclar2.jpg>
Package pdftex.def Info: simbolCREALclar2.jpg used on input line 717.
(pdftex.def)             Requested size: 364.19536pt x 358.04028pt.
 [43

]
<figures/rgcca.png, id=382, 297.11pt x 268.00125pt>
File: figures/rgcca.png Graphic file (type png)
 <use figures/rgcca.png>
Package pdftex.def Info: figures/rgcca.png used on input line 727.
(pdftex.def)             Requested size: 184.94978pt x 170.7146pt.
File: simbolCREALclar2.jpg Graphic file (type jpg)

<use simbolCREALclar2.jpg>
Package pdftex.def Info: simbolCREALclar2.jpg used on input line 727.
(pdftex.def)             Requested size: 364.19536pt x 358.04028pt.
 [44

 <./figures/rgcca.png>]
File: simbolCREALclar2.jpg Graphic file (type jpg)

<use simbolCREALclar2.jpg>
Package pdftex.def Info: simbolCREALclar2.jpg used on input line 742.
(pdftex.def)             Requested size: 364.19536pt x 358.04028pt.
 [45

]
\openout4 = `integration_multiples_tables.vrb'.

 (integration_multiples_tables.vrb
LaTeX Font Info:    Font shape `T1/pcr/m/it' in size <8> not available
(Font)              Font shape `T1/pcr/m/sl' tried instead on input line 15.
)
File: simbolCREALclar2.jpg Graphic file (type jpg)

<use simbolCREALclar2.jpg>
Package pdftex.def Info: simbolCREALclar2.jpg used on input line 769.
(pdftex.def)             Requested size: 364.19536pt x 358.04028pt.
 [46

]
\openout4 = `integration_multiples_tables.vrb'.

 (integration_multiples_tables.vrb)
File: simbolCREALclar2.jpg Graphic file (type jpg)

<use simbolCREALclar2.jpg>
Package pdftex.def Info: simbolCREALclar2.jpg used on input line 799.
(pdftex.def)             Requested size: 364.19536pt x 358.04028pt.
 [47

]
\openout4 = `integration_multiples_tables.vrb'.

 (integration_multiples_tables.vrb)
File: simbolCREALclar2.jpg Graphic file (type jpg)

<use simbolCREALclar2.jpg>
Package pdftex.def Info: simbolCREALclar2.jpg used on input line 831.
(pdftex.def)             Requested size: 364.19536pt x 358.04028pt.
 [48

]
\openout4 = `integration_multiples_tables.vrb'.

 (integration_multiples_tables.vrb)
File: simbolCREALclar2.jpg Graphic file (type jpg)

<use simbolCREALclar2.jpg>
Package pdftex.def Info: simbolCREALclar2.jpg used on input line 861.
(pdftex.def)             Requested size: 364.19536pt x 358.04028pt.
 [49

]
\openout4 = `integration_multiples_tables.vrb'.

 (integration_multiples_tables.vrb
Overfull \hbox (4.71033pt too wide) in paragraph at lines 20--20
[]\T1/pcr/m/n/8 gcca.with.rgcca = []\T1/pcr/b/n/8 rgcca[]\T1/pcr/m/n/8 (A= []\T
1/pcr/b/n/8 list[]\T1/pcr/m/n/8 (X1, ..., XJ, []\T1/pcr/b/n/8 cbind[]\T1/pcr/m/
n/8 (X1, ..., XJ)),[] 
 []

)
File: simbolCREALclar2.jpg Graphic file (type jpg)
 <use simbolCREALclar2.jpg>
Package pdftex.def Info: simbolCREALclar2.jpg used on input line 888.
(pdftex.def)             Requested size: 364.19536pt x 358.04028pt.
 [50

]
\openout4 = `integration_multiples_tables.vrb'.

 (integration_multiples_tables.vrb
Overfull \hbox (114.39551pt too wide) detected at line 7
[] [] [][]\OT1/cmss/m/n/10 (\T1/phv/b/n/10 X[]a[]\OML/cmm/m/it/10 ; \T1/phv/b/n
/10 X[]a[]\OT1/cmss/m/n/10 ) \OMS/cmsy/m/n/10  []\OT1/cmss/m/n/10 (\T1/phv/b/n
/10 X[]a[]\OT1/cmss/m/n/10 )\OML/cmm/m/it/10 ; []\OMS/cmsy/m/n/10 k\T1/phv/b/n/
10 a[]\OMS/cmsy/m/n/10 k \OT1/cmss/m/n/10 = \T1/phv/m/n/10 1\OML/cmm/m/it/10 ; 
\T1/phv/m/sl/10 j \OT1/cmss/m/n/10 = \T1/phv/m/n/10 1\OML/cmm/m/it/10 ; [] ; \T
1/phv/m/sl/10 J[][]\OT1/cmss/m/n/10 (\T1/phv/b/n/10 X[]a[]\OT1/cmss/m/n/10 ) = 
\T1/phv/m/n/10 1
 []


Overfull \hbox (4.71033pt too wide) in paragraph at lines 20--20
[]\T1/pcr/m/n/8 mcoa.with.rgcca = []\T1/pcr/b/n/8 rgcca[]\T1/pcr/m/n/8 (A= []\T
1/pcr/b/n/8 list[]\T1/pcr/m/n/8 (X1, ..., XJ, []\T1/pcr/b/n/8 cbind[]\T1/pcr/m/
n/8 (X1, ..., XJ)),[] 
 []

)
File: simbolCREALclar2.jpg Graphic file (type jpg)
 <use simbolCREALclar2.jpg>
Package pdftex.def Info: simbolCREALclar2.jpg used on input line 916.
(pdftex.def)             Requested size: 364.19536pt x 358.04028pt.
 [51

]
\openout4 = `integration_multiples_tables.vrb'.

 (integration_multiples_tables.vrb)
File: simbolCREALclar2.jpg Graphic file (type jpg)

<use simbolCREALclar2.jpg>
Package pdftex.def Info: simbolCREALclar2.jpg used on input line 943.
(pdftex.def)             Requested size: 364.19536pt x 358.04028pt.
 [52

]
\openout4 = `integration_multiples_tables.vrb'.

 (integration_multiples_tables.vrb)
File: simbolCREALclar2.jpg Graphic file (type jpg)

<use simbolCREALclar2.jpg>
Package pdftex.def Info: simbolCREALclar2.jpg used on input line 965.
(pdftex.def)             Requested size: 364.19536pt x 358.04028pt.
 [53

]
\openout4 = `integration_multiples_tables.vrb'.

 (integration_multiples_tables.vrb)
File: simbolCREALclar2.jpg Graphic file (type jpg)

<use simbolCREALclar2.jpg>
Package pdftex.def Info: simbolCREALclar2.jpg used on input line 992.
(pdftex.def)             Requested size: 364.19536pt x 358.04028pt.
 [54

]
\openout4 = `integration_multiples_tables.vrb'.

 (integration_multiples_tables.vrb)
Overfull \vbox (57.912pt too high) detected at line 1035
 []

File: simbolCREALclar2.jpg Graphic file (type jpg)
<use simbolCREALclar2.jpg>
Package pdftex.def Info: simbolCREALclar2.jpg used on input line 1035.
(pdftex.def)             Requested size: 364.19536pt x 358.04028pt.
 [55

]
\openout4 = `integration_multiples_tables.vrb'.

 (integration_multiples_tables.vrb)
File: simbolCREALclar2.jpg Graphic file (type jpg)

<use simbolCREALclar2.jpg>
Package pdftex.def Info: simbolCREALclar2.jpg used on input line 1063.
(pdftex.def)             Requested size: 364.19536pt x 358.04028pt.
 [56

]
\openout4 = `integration_multiples_tables.vrb'.

 (integration_multiples_tables.vrb)
File: simbolCREALclar2.jpg Graphic file (type jpg)

<use simbolCREALclar2.jpg>
Package pdftex.def Info: simbolCREALclar2.jpg used on input line 1097.
(pdftex.def)             Requested size: 364.19536pt x 358.04028pt.
 [57

]
\openout4 = `integration_multiples_tables.vrb'.

 (integration_multiples_tables.vrb)
File: simbolCREALclar2.jpg Graphic file (type jpg)

<use simbolCREALclar2.jpg>
Package pdftex.def Info: simbolCREALclar2.jpg used on input line 1112.
(pdftex.def)             Requested size: 364.19536pt x 358.04028pt.
 [58

]
\openout4 = `integration_multiples_tables.vrb'.

 (integration_multiples_tables.vrb
<figure/rgcca_ind-1.pdf, id=465, 505.89pt x 505.89pt>
File: figure/rgcca_ind-1.pdf Graphic file (type pdf)

<use figure/rgcca_ind-1.pdf>
Package pdftex.def Info: figure/rgcca_ind-1.pdf used on input line 5.
(pdftex.def)             Requested size: 156.49014pt x 156.49234pt.
)
File: simbolCREALclar2.jpg Graphic file (type jpg)
 <use simbolCREALclar2.jpg>
Package pdftex.def Info: simbolCREALclar2.jpg used on input line 1124.
(pdftex.def)             Requested size: 364.19536pt x 358.04028pt.
 [59

 <./figure/rgcca_ind-1.pdf>]
\openout4 = `integration_multiples_tables.vrb'.

 (integration_multiples_tables.vrb)
File: simbolCREALclar2.jpg Graphic file (type jpg)
 <use simbolCREALclar2.jpg>
Package pdftex.def Info: simbolCREALclar2.jpg used on input line 1148.
(pdftex.def)             Requested size: 364.19536pt x 358.04028pt.

[60

] (integration_multiples_tables.toc)
File: simbolCREALclar2.jpg Graphic file (type jpg)
 <use simbolCREALclar2.jpg>
Package pdftex.def Info: simbolCREALclar2.jpg used on input line 1152.
(pdftex.def)             Requested size: 364.19536pt x 358.04028pt.
 [61

]
\openout4 = `integration_multiples_tables.vrb'.


(integration_multiples_tables.vrb
Overfull \hbox (32.45636pt too wide) detected at line 8
[] [] \T1/phv/m/sl/10 c[]g\OT1/cmss/m/n/10 ([](\T1/phv/b/n/10 X[]a[]\OML/cmm/m/
it/10 ; \T1/phv/b/n/10 X[]a[]\OT1/cmss/m/n/10 ))[]\OMS/cmsy/m/n/10 k\T1/phv/b/n
/10 a[]\OMS/cmsy/m/n/10 k[] \OT1/cmss/m/n/10 = \T1/phv/m/n/10 1[]\OMS/cmsy/m/n/
10 k\T1/phv/b/n/10 a[]\OMS/cmsy/m/n/10 k[]  \T1/phv/m/sl/10 s[]\OML/cmm/m/it/1
0 ; \T1/phv/m/sl/10 j \OT1/cmss/m/n/10 = \T1/phv/m/n/10 1\OML/cmm/m/it/10 ; [] 
; \T1/phv/m/sl/10 J[][][][]
 []

)
File: simbolCREALclar2.jpg Graphic file (type jpg)
 <use simbolCREALclar2.jpg>
Package pdftex.def Info: simbolCREALclar2.jpg used on input line 1167.
(pdftex.def)             Requested size: 364.19536pt x 358.04028pt.
 [62

]
\openout4 = `integration_multiples_tables.vrb'.

 (integration_multiples_tables.vrb
Missing character: There is no ; in font nullfont!


! Package pgf Error: No shape named Location is known.

See the pgf package documentation for explanation.
Type  H <return>  for immediate help.
 ...                                              
                                                  
l.10 \node (mRNA) [below left of=Location] {mRNA};
                                                  
This error message was generated by an \errmessage
command, so I can't give any explicit help.
Pretend that you're Hercule Poirot: Examine all clues,
and deduce the truth by order and method.


! Package pgf Error: No shape named Location is known.

See the pgf package documentation for explanation.
Type  H <return>  for immediate help.
 ...                                              
                                                  
l.11 ... (miRNA) [above left of=Location] {miRNA};
                                                  
(That was another \errmessage.)

)
File: simbolCREALclar2.jpg Graphic file (type jpg)
 <use simbolCREALclar2.jpg>
Package pdftex.def Info: simbolCREALclar2.jpg used on input line 1187.
(pdftex.def)             Requested size: 364.19536pt x 358.04028pt.
 [63

]
\openout4 = `integration_multiples_tables.vrb'.

 (integration_multiples_tables.vrb)
File: simbolCREALclar2.jpg Graphic file (type jpg)

<use simbolCREALclar2.jpg>
Package pdftex.def Info: simbolCREALclar2.jpg used on input line 1208.
(pdftex.def)             Requested size: 364.19536pt x 358.04028pt.
 [64

]
\openout4 = `integration_multiples_tables.vrb'.

 (integration_multiples_tables.vrb)
File: simbolCREALclar2.jpg Graphic file (type jpg)

<use simbolCREALclar2.jpg>
Package pdftex.def Info: simbolCREALclar2.jpg used on input line 1226.
(pdftex.def)             Requested size: 364.19536pt x 358.04028pt.
 [65

]
\openout4 = `integration_multiples_tables.vrb'.

 (integration_multiples_tables.vrb
Overfull \hbox (33.51035pt too wide) in paragraph at lines 27--27
[]\T1/pcr/m/n/8 ##  [1] "CA12"     "FSIP1"    "AGR3"     "ESR1"     "SCUBE2"   
"TBC1D9"[] 
 []


Overfull \hbox (33.51035pt too wide) in paragraph at lines 27--27
[]\T1/pcr/m/n/8 ##  [7] "MLPH"     "FOXA1"    "NAT1"     "C6orf97"  "ABCC8"    
"SLC7A8"[] 
 []


Overfull \hbox (23.91034pt too wide) in paragraph at lines 27--27
[]\T1/pcr/m/n/8 ## [13] "XBP1"     "THSD4"    "INPP4B"   "AGR2"     "C1orf64"  
"ABAT"[] 
 []


Overfull \hbox (28.71034pt too wide) in paragraph at lines 27--27
[]\T1/pcr/m/n/8 ## [19] "EVL"      "ANXA9"    "IL6ST"    "ERBB4"    "PGR"      
"SUSD3"[] 
 []


Overfull \hbox (38.31035pt too wide) in paragraph at lines 27--27
[]\T1/pcr/m/n/8 ## [25] "UGCG"     "IGFALS"   "GATA3"    "ACADSB"   "C4orf18"  
"NOSTRIN"[] 
 []


Overfull \hbox (43.11035pt too wide) in paragraph at lines 27--27
[]\T1/pcr/m/n/8 ## [31] "SLC39A6"  "TMEM25"   "WFS1"     "STH"      "MAPT"     
"KIAA1370"[] 
 []


Overfull \hbox (43.11035pt too wide) in paragraph at lines 27--27
[]\T1/pcr/m/n/8 ## [37] "ENPP1"    "PREX1"    "ABCC11"   "GRPR"     "ANKRD30A" 
"C14orf44"[] 
 []


Overfull \hbox (28.71034pt too wide) in paragraph at lines 27--27
[]\T1/pcr/m/n/8 ## [43] "JMJD2B"   "C3orf18"  "DNAJC12"  "SIDT1"    "C16orf45" 
"KRT18"[] 
 []

)
File: simbolCREALclar2.jpg Graphic file (type jpg)
 <use simbolCREALclar2.jpg>
Package pdftex.def Info: simbolCREALclar2.jpg used on input line 1260.
(pdftex.def)             Requested size: 364.19536pt x 358.04028pt.
 [66

]
\openout4 = `integration_multiples_tables.vrb'.

 (integration_multiples_tables.vrb)
File: simbolCREALclar2.jpg Graphic file (type jpg)

<use simbolCREALclar2.jpg>
Package pdftex.def Info: simbolCREALclar2.jpg used on input line 1287.
(pdftex.def)             Requested size: 364.19536pt x 358.04028pt.
 [67

]
File: simbolCREALclar2.jpg Graphic file (type jpg)
 <use simbolCREALclar2.jpg>
Package pdftex.def Info: simbolCREALclar2.jpg used on input line 1306.
(pdftex.def)             Requested size: 364.19536pt x 358.04028pt.
 [68

]
File: simbolCREALclar2.jpg Graphic file (type jpg)

<use simbolCREALclar2.jpg>
Package pdftex.def Info: simbolCREALclar2.jpg used on input line 1319.
(pdftex.def)             Requested size: 364.19536pt x 358.04028pt.
 [69

] (integration_multiples_tables.toc)
File: simbolCREALclar2.jpg Graphic file (type jpg)

<use simbolCREALclar2.jpg>
Package pdftex.def Info: simbolCREALclar2.jpg used on input line 1322.
(pdftex.def)             Requested size: 364.19536pt x 358.04028pt.
 [70

]
File: simbolCREALclar2.jpg Graphic file (type jpg)
 <use simbolCREALclar2.jpg>
Package pdftex.def Info: simbolCREALclar2.jpg used on input line 1339.
(pdftex.def)             Requested size: 364.19536pt x 358.04028pt.
 [71

]
\tf@nav=\write7
\openout7 = `integration_multiples_tables.nav'.

\tf@toc=\write8
\openout8 = `integration_multiples_tables.toc'.

\tf@snm=\write9
\openout9 = `integration_multiples_tables.snm'.

Package atveryend Info: Empty hook `BeforeClearDocument' on input line 1344.
Package atveryend Info: Empty hook `AfterLastShipout' on input line 1344.

(integration_multiples_tables.aux)
Package atveryend Info: Executing hook `AtVeryEndDocument' on input line 1344.
Package atveryend Info: Executing hook `AtEndAfterFileList' on input line 1344.

Package rerunfilecheck Info: File `integration_multiples_tables.out' has not ch
anged.
(rerunfilecheck)             Checksum: 6AE1181D21D0E1FA19FB3D3A6D4E23EA;259.
 ) 
Here is how much of TeX's memory you used:
 24128 strings out of 493333
 478958 string characters out of 3127972
 534395 words of memory out of 3000000
 26797 multiletter control sequences out of 15000+200000
 71794 words of font info for 99 fonts, out of 3000000 for 9000
 1141 hyphenation exceptions out of 8191
 56i,19n,64p,885b,641s stack positions out of 5000i,500n,10000p,200000b,50000s
{C:/Users/jrgonzalez/AppData/Local/Programs/MiKTeX 2.9/fonts/enc/dvips/base/8
r.enc}<C:/Users/jrgonzalez/AppData/Local/Programs/MiKTeX 2.9/fonts/type1/public
/amsfonts/cm/cmex10.pfb><C:/Users/jrgonzalez/AppData/Local/Programs/MiKTeX 2.9/
fonts/type1/public/amsfonts/cm/cmmi10.pfb><C:/Users/jrgonzalez/AppData/Local/Pr
ograms/MiKTeX 2.9/fonts/type1/public/amsfonts/cm/cmmi7.pfb><C:/Users/jrgonzalez
/AppData/Local/Programs/MiKTeX 2.9/fonts/type1/public/amsfonts/cm/cmss10.pfb><C
:/Users/jrgonzalez/AppData/Local/Programs/MiKTeX 2.9/fonts/type1/public/amsfont
s/cm/cmss8.pfb><C:/Users/jrgonzalez/AppData/Local/Programs/MiKTeX 2.9/fonts/typ
e1/public/amsfonts/cm/cmss9.pfb><C:/Users/jrgonzalez/AppData/Local/Programs/MiK
TeX 2.9/fonts/type1/public/amsfonts/cm/cmsy10.pfb><C:/Users/jrgonzalez/AppData/
Local/Programs/MiKTeX 2.9/fonts/type1/urw/courier/ucrb8a.pfb><C:/Users/jrgonzal
ez/AppData/Local/Programs/MiKTeX 2.9/fonts/type1/urw/courier/ucrr8a.pfb><C:/Use
rs/jrgonzalez/AppData/Local/Programs/MiKTeX 2.9/fonts/type1/urw/courier/ucrro8a
.pfb><C:/Users/jrgonzalez/AppData/Local/Programs/MiKTeX 2.9/fonts/type1/urw/hel
vetic/uhvb8a.pfb><C:/Users/jrgonzalez/AppData/Local/Programs/MiKTeX 2.9/fonts/t
ype1/urw/helvetic/uhvr8a.pfb><C:/Users/jrgonzalez/AppData/Local/Programs/MiKTeX
 2.9/fonts/type1/urw/helvetic/uhvro8a.pfb><C:/Users/jrgonzalez/AppData/Local/Pr
ograms/MiKTeX 2.9/fonts/type1/urw/times/utmr8a.pfb>
Output written on integration_multiples_tables.pdf (71 pages, 4247361 bytes).
PDF statistics:
 640 PDF objects out of 1000 (max. 8388607)
 154 named destinations out of 1000 (max. 500000)
 223 words of extra memory for PDF output out of 10000 (max. 10000000)

